2022-06-29 14:09:42,932 DEBUG scheduler Access denied for site demo
2022-06-29 14:10:43,669 DEBUG scheduler Access denied for site demo
2022-06-29 14:11:43,977 DEBUG scheduler Access denied for site demo
2022-06-29 14:12:44,430 DEBUG scheduler Access denied for site demo
2022-06-29 14:13:44,945 DEBUG scheduler Access denied for site demo
2022-06-29 14:14:45,282 DEBUG scheduler Access denied for site demo
2022-06-29 14:15:45,661 DEBUG scheduler Access denied for site demo
2022-06-29 14:16:46,325 DEBUG scheduler Access denied for site demo
2022-06-29 14:17:47,177 DEBUG scheduler Access denied for site demo
2022-06-29 14:18:47,777 DEBUG scheduler Access denied for site demo
2022-06-29 14:19:48,189 DEBUG scheduler Access denied for site demo
2022-06-29 14:20:48,711 DEBUG scheduler Access denied for site demo
2022-06-29 14:21:49,502 DEBUG scheduler Access denied for site demo
2022-06-29 14:22:49,763 DEBUG scheduler Access denied for site demo
2022-06-29 14:23:50,096 DEBUG scheduler Access denied for site demo
2022-06-29 14:24:50,635 DEBUG scheduler Access denied for site demo
2022-06-29 14:25:51,116 DEBUG scheduler Access denied for site demo
2022-06-29 14:26:51,439 DEBUG scheduler Access denied for site demo
2022-06-29 14:27:51,713 DEBUG scheduler Access denied for site demo
2022-06-29 14:28:52,093 DEBUG scheduler Access denied for site demo
2022-06-29 14:29:52,706 DEBUG scheduler Access denied for site demo
2022-06-29 14:30:53,179 DEBUG scheduler Access denied for site demo
2022-06-29 14:31:53,579 DEBUG scheduler Access denied for site demo
2022-06-29 14:32:53,844 DEBUG scheduler Access denied for site demo
2022-06-29 14:33:54,447 DEBUG scheduler Access denied for site demo
2022-06-29 14:34:54,760 DEBUG scheduler Access denied for site demo
2022-06-29 14:35:55,183 DEBUG scheduler Access denied for site demo
2022-06-29 14:36:55,850 DEBUG scheduler Access denied for site demo
2022-06-29 14:37:56,451 DEBUG scheduler Access denied for site demo
2022-06-29 14:38:56,752 DEBUG scheduler Access denied for site demo
2022-06-29 14:39:57,192 DEBUG scheduler Access denied for site demo
2022-06-29 14:40:57,549 DEBUG scheduler Access denied for site demo
2022-06-29 14:41:57,965 DEBUG scheduler Access denied for site demo
2022-06-29 14:42:58,474 DEBUG scheduler Access denied for site demo
2022-06-29 14:43:58,758 DEBUG scheduler Access denied for site demo
2022-06-29 14:44:59,371 DEBUG scheduler Access denied for site demo
2022-06-29 14:46:00,820 DEBUG scheduler Access denied for site demo
2022-06-29 14:47:01,524 DEBUG scheduler Access denied for site demo
2022-06-29 14:48:02,144 DEBUG scheduler Access denied for site demo
2022-06-29 14:49:02,790 DEBUG scheduler Access denied for site demo
2022-06-29 14:50:03,179 DEBUG scheduler Access denied for site demo
2022-06-29 14:51:03,650 DEBUG scheduler Access denied for site demo
2022-06-29 14:52:03,959 DEBUG scheduler Access denied for site demo
2022-06-29 14:53:04,853 DEBUG scheduler Access denied for site demo
2022-06-29 14:54:05,291 DEBUG scheduler Access denied for site demo
2022-06-29 14:55:05,687 DEBUG scheduler Access denied for site demo
2022-06-29 14:56:06,091 DEBUG scheduler Access denied for site demo
2022-06-29 14:57:07,121 DEBUG scheduler Access denied for site demo
2022-06-29 14:58:07,439 DEBUG scheduler Access denied for site demo
2022-06-29 14:59:07,701 DEBUG scheduler Access denied for site demo
2022-06-29 15:00:08,158 DEBUG scheduler Access denied for site demo
2022-06-29 15:01:09,595 DEBUG scheduler Access denied for site demo
2022-06-29 15:02:09,818 DEBUG scheduler Access denied for site demo
2022-06-29 15:03:10,171 DEBUG scheduler Access denied for site demo
2022-06-29 15:04:10,756 DEBUG scheduler Access denied for site demo
2022-06-29 15:05:11,474 DEBUG scheduler Access denied for site demo
2022-06-29 15:06:11,792 DEBUG scheduler Access denied for site demo
2022-06-29 15:07:12,158 DEBUG scheduler Access denied for site demo
2022-06-29 15:08:12,598 DEBUG scheduler Access denied for site demo
2022-06-29 15:09:13,168 DEBUG scheduler Access denied for site demo
2022-06-29 15:10:14,089 DEBUG scheduler Access denied for site demo
2022-06-29 15:11:14,493 DEBUG scheduler Access denied for site demo
2022-06-29 15:12:14,816 DEBUG scheduler Access denied for site demo
2022-06-29 15:13:15,819 DEBUG scheduler Access denied for site demo
2022-06-29 15:14:16,422 DEBUG scheduler Access denied for site demo
2022-06-29 15:15:16,840 DEBUG scheduler Access denied for site demo
2022-06-29 15:16:17,442 DEBUG scheduler Access denied for site demo
2022-06-29 15:17:18,010 DEBUG scheduler Access denied for site demo
2022-06-29 15:18:18,449 DEBUG scheduler Access denied for site demo
2022-06-29 15:19:18,878 DEBUG scheduler Access denied for site demo
2022-06-29 15:20:19,490 DEBUG scheduler Access denied for site demo
2022-06-29 15:21:20,423 DEBUG scheduler Access denied for site demo
2022-06-29 15:22:20,758 DEBUG scheduler Access denied for site demo
2022-06-29 15:23:21,227 DEBUG scheduler Access denied for site demo
2022-06-29 15:24:21,603 DEBUG scheduler Access denied for site demo
2022-06-29 15:25:22,571 DEBUG scheduler Access denied for site demo
2022-06-29 15:26:22,879 DEBUG scheduler Access denied for site demo
2022-06-29 15:27:23,474 DEBUG scheduler Access denied for site demo
2022-06-29 15:28:24,086 DEBUG scheduler Access denied for site demo
2022-06-29 15:29:24,654 DEBUG scheduler Access denied for site demo
2022-06-29 15:30:25,136 DEBUG scheduler Access denied for site demo
2022-06-29 15:31:28,101 DEBUG scheduler Access denied for site demo
2022-06-29 15:32:28,872 DEBUG scheduler Access denied for site demo
2022-06-29 15:33:29,340 DEBUG scheduler Access denied for site demo
2022-06-29 15:34:29,656 DEBUG scheduler Access denied for site demo
2022-06-29 15:35:29,930 DEBUG scheduler Access denied for site demo
2022-06-29 15:36:30,216 DEBUG scheduler Access denied for site demo
2022-06-29 15:37:30,771 DEBUG scheduler Access denied for site demo
2022-06-29 15:38:31,282 DEBUG scheduler Access denied for site demo
2022-06-29 15:39:31,519 DEBUG scheduler Access denied for site demo
2022-06-29 15:40:31,840 DEBUG scheduler Access denied for site demo
2022-06-29 15:41:32,454 DEBUG scheduler Access denied for site demo
2022-06-29 15:42:32,841 DEBUG scheduler Access denied for site demo
2022-06-29 15:43:33,441 DEBUG scheduler Access denied for site demo
2022-06-29 15:44:33,833 DEBUG scheduler Access denied for site demo
2022-06-29 15:45:34,728 DEBUG scheduler Access denied for site demo
2022-06-29 15:46:35,348 DEBUG scheduler Access denied for site demo
2022-06-29 15:47:35,719 DEBUG scheduler Access denied for site demo
2022-06-29 15:48:36,109 DEBUG scheduler Access denied for site demo
2022-06-29 15:49:36,744 DEBUG scheduler Access denied for site demo
2022-06-29 15:50:37,173 DEBUG scheduler Access denied for site demo
2022-06-29 15:51:37,679 DEBUG scheduler Access denied for site demo
2022-06-29 15:52:38,126 DEBUG scheduler Access denied for site demo
2022-06-29 15:53:38,742 DEBUG scheduler Access denied for site demo
2022-06-29 15:54:39,431 DEBUG scheduler Access denied for site demo
2022-06-29 15:55:39,870 DEBUG scheduler Access denied for site demo
2022-06-29 15:56:40,457 DEBUG scheduler Access denied for site demo
2022-06-29 15:57:41,312 DEBUG scheduler Access denied for site demo
2022-06-29 15:58:41,615 DEBUG scheduler Access denied for site demo
2022-06-29 15:59:42,104 DEBUG scheduler Access denied for site demo
2022-06-29 16:00:42,448 DEBUG scheduler Access denied for site demo
2022-06-29 16:01:43,777 DEBUG scheduler Access denied for site demo
2022-06-29 16:02:44,147 DEBUG scheduler Access denied for site demo
2022-06-29 16:03:44,472 DEBUG scheduler Access denied for site demo
2022-06-29 16:04:44,970 DEBUG scheduler Access denied for site demo
2022-06-29 16:05:45,786 DEBUG scheduler Access denied for site demo
2022-06-29 16:06:46,081 DEBUG scheduler Access denied for site demo
2022-06-29 16:07:46,818 DEBUG scheduler Access denied for site demo
2022-06-29 16:08:47,418 DEBUG scheduler Access denied for site demo
2022-06-29 16:09:47,956 DEBUG scheduler Access denied for site demo
2022-06-29 16:10:48,282 DEBUG scheduler Access denied for site demo
2022-06-29 16:11:48,614 DEBUG scheduler Access denied for site demo
2022-06-29 16:12:48,896 DEBUG scheduler Access denied for site demo
2022-06-29 16:13:49,335 DEBUG scheduler Access denied for site demo
2022-06-29 16:14:49,700 DEBUG scheduler Access denied for site demo
2022-06-29 16:15:50,302 DEBUG scheduler Access denied for site demo
2022-06-29 16:16:50,534 DEBUG scheduler Access denied for site demo
2022-06-29 16:17:51,431 DEBUG scheduler Access denied for site demo
2022-06-29 16:18:51,782 DEBUG scheduler Access denied for site demo
2022-06-29 16:19:52,311 DEBUG scheduler Access denied for site demo
2022-06-29 16:20:52,554 DEBUG scheduler Access denied for site demo
2022-06-29 16:21:53,169 DEBUG scheduler Access denied for site demo
2022-06-29 16:22:53,654 DEBUG scheduler Access denied for site demo
2022-06-29 16:23:54,112 DEBUG scheduler Access denied for site demo
2022-06-29 16:24:54,432 DEBUG scheduler Access denied for site demo
2022-06-29 16:25:54,880 DEBUG scheduler Access denied for site demo
2022-06-29 16:26:55,208 DEBUG scheduler Access denied for site demo
2022-06-29 16:27:55,508 DEBUG scheduler Access denied for site demo
2022-06-29 16:28:56,420 DEBUG scheduler Access denied for site demo
2022-06-29 16:29:57,157 DEBUG scheduler Access denied for site demo
2022-06-29 16:30:57,493 DEBUG scheduler Access denied for site demo
2022-06-29 16:31:58,133 DEBUG scheduler Access denied for site demo
2022-06-29 16:32:58,608 DEBUG scheduler Access denied for site demo
2022-06-29 16:33:59,575 DEBUG scheduler Access denied for site demo
2022-06-29 16:34:59,964 DEBUG scheduler Access denied for site demo
2022-06-29 16:36:00,375 DEBUG scheduler Access denied for site demo
2022-06-29 16:37:01,627 DEBUG scheduler Access denied for site demo
2022-06-29 16:38:02,203 DEBUG scheduler Access denied for site demo
2022-06-29 16:39:02,870 DEBUG scheduler Access denied for site demo
2022-06-29 16:40:03,590 DEBUG scheduler Access denied for site demo
2022-06-29 16:41:04,175 DEBUG scheduler Access denied for site demo
2022-06-29 16:42:04,483 DEBUG scheduler Access denied for site demo
2022-06-29 16:43:04,797 DEBUG scheduler Access denied for site demo
2022-06-29 16:44:05,236 DEBUG scheduler Access denied for site demo
2022-06-29 16:45:05,825 DEBUG scheduler Access denied for site demo
2022-06-29 16:46:06,171 DEBUG scheduler Access denied for site demo
2022-06-29 16:47:06,461 DEBUG scheduler Access denied for site demo
2022-06-29 16:48:06,739 DEBUG scheduler Access denied for site demo
2022-06-29 16:49:07,364 DEBUG scheduler Access denied for site demo
2022-06-29 16:50:08,180 DEBUG scheduler Access denied for site demo
2022-06-29 16:51:08,482 DEBUG scheduler Access denied for site demo
2022-06-29 16:52:08,922 DEBUG scheduler Access denied for site demo
2022-06-29 16:53:09,541 DEBUG scheduler Access denied for site demo
2022-06-29 16:54:09,807 DEBUG scheduler Access denied for site demo
2022-06-29 16:55:10,320 DEBUG scheduler Access denied for site demo
2022-06-29 16:56:10,528 DEBUG scheduler Access denied for site demo
2022-06-29 16:57:11,482 DEBUG scheduler Access denied for site demo
2022-06-29 16:58:11,787 DEBUG scheduler Access denied for site demo
2022-06-29 16:59:12,370 DEBUG scheduler Access denied for site demo
2022-06-29 17:00:12,669 DEBUG scheduler Access denied for site demo
2022-06-29 17:01:14,255 DEBUG scheduler Access denied for site demo
2022-06-29 17:02:14,617 DEBUG scheduler Access denied for site demo
2022-06-29 17:03:15,167 DEBUG scheduler Access denied for site demo
2022-06-29 17:04:15,520 DEBUG scheduler Access denied for site demo
2022-06-29 17:05:16,476 DEBUG scheduler Access denied for site demo
2022-06-29 17:06:16,770 DEBUG scheduler Access denied for site demo
2022-06-29 17:07:17,073 DEBUG scheduler Access denied for site demo
2022-06-29 17:08:17,497 DEBUG scheduler Access denied for site demo
2022-06-29 17:09:18,206 DEBUG scheduler Access denied for site demo
2022-06-29 17:10:18,526 DEBUG scheduler Access denied for site demo
2022-06-29 17:11:18,839 DEBUG scheduler Access denied for site demo
2022-06-29 17:12:19,225 DEBUG scheduler Access denied for site demo
2022-06-29 17:13:20,073 DEBUG scheduler Access denied for site demo
2022-06-29 17:14:20,454 DEBUG scheduler Access denied for site demo
2022-06-29 17:15:20,864 DEBUG scheduler Access denied for site demo
2022-06-29 17:16:21,435 DEBUG scheduler Access denied for site demo
2022-06-29 17:17:21,766 DEBUG scheduler Access denied for site demo
2022-06-29 17:18:22,350 DEBUG scheduler Access denied for site demo
2022-06-29 17:19:22,596 DEBUG scheduler Access denied for site demo
2022-06-29 17:20:22,785 DEBUG scheduler Access denied for site demo
2022-06-29 17:21:23,190 DEBUG scheduler Access denied for site demo
2022-06-29 17:22:23,548 DEBUG scheduler Access denied for site demo
2022-06-29 17:23:24,119 DEBUG scheduler Access denied for site demo
2022-06-29 17:24:24,513 DEBUG scheduler Access denied for site demo
2022-06-29 17:25:25,021 DEBUG scheduler Access denied for site demo
2022-06-29 17:26:25,392 DEBUG scheduler Access denied for site demo
2022-06-29 17:27:25,686 DEBUG scheduler Access denied for site demo
2022-06-29 17:28:25,974 DEBUG scheduler Access denied for site demo
2022-06-29 17:29:26,436 DEBUG scheduler Access denied for site demo
2022-06-29 17:30:26,705 DEBUG scheduler Access denied for site demo
2022-06-29 17:31:27,344 DEBUG scheduler Access denied for site demo
2022-06-29 17:32:27,679 DEBUG scheduler Access denied for site demo
2022-06-29 17:33:28,172 DEBUG scheduler Access denied for site demo
2022-06-29 17:34:28,556 DEBUG scheduler Access denied for site demo
2022-06-29 17:35:29,074 DEBUG scheduler Access denied for site demo
2022-06-29 17:36:29,593 DEBUG scheduler Access denied for site demo
2022-06-29 17:37:29,930 DEBUG scheduler Access denied for site demo
2022-06-29 17:38:30,636 DEBUG scheduler Access denied for site demo
2022-06-29 17:39:31,135 DEBUG scheduler Access denied for site demo
2022-06-29 17:40:31,448 DEBUG scheduler Access denied for site demo
2022-06-29 17:41:32,413 DEBUG scheduler Access denied for site demo
2022-06-29 17:42:32,708 DEBUG scheduler Access denied for site demo
2022-06-29 17:43:33,211 DEBUG scheduler Access denied for site demo
2022-06-29 17:44:33,781 DEBUG scheduler Access denied for site demo
2022-06-29 17:45:34,678 DEBUG scheduler Access denied for site demo
2022-06-29 17:46:35,413 DEBUG scheduler Access denied for site demo
2022-06-29 17:47:35,644 DEBUG scheduler Access denied for site demo
2022-06-29 17:48:36,148 DEBUG scheduler Access denied for site demo
2022-06-29 17:49:37,448 DEBUG scheduler Access denied for site demo
2022-06-29 17:50:37,765 DEBUG scheduler Access denied for site demo
2022-06-29 17:51:38,216 DEBUG scheduler Access denied for site demo
2022-06-29 17:52:38,522 DEBUG scheduler Access denied for site demo
2022-06-29 17:53:39,123 DEBUG scheduler Access denied for site demo
2022-06-29 17:54:39,814 DEBUG scheduler Access denied for site demo
2022-06-29 17:55:40,557 DEBUG scheduler Access denied for site demo
2022-06-29 17:56:41,143 DEBUG scheduler Access denied for site demo
2022-06-29 17:57:42,086 DEBUG scheduler Access denied for site demo
2022-06-29 17:58:42,545 DEBUG scheduler Access denied for site demo
2022-06-29 17:59:42,853 DEBUG scheduler Access denied for site demo
2022-06-29 18:00:43,444 DEBUG scheduler Access denied for site demo
2022-06-29 18:01:45,085 DEBUG scheduler Access denied for site demo
2022-06-29 18:02:45,575 DEBUG scheduler Access denied for site demo
2022-06-29 18:03:46,229 DEBUG scheduler Access denied for site demo
2022-06-29 18:04:47,196 DEBUG scheduler Access denied for site demo
2022-06-29 18:05:48,437 DEBUG scheduler Access denied for site demo
2022-06-29 18:06:48,805 DEBUG scheduler Access denied for site demo
2022-06-29 18:07:49,191 DEBUG scheduler Access denied for site demo
2022-06-29 18:08:49,785 DEBUG scheduler Access denied for site demo
2022-06-29 18:09:50,760 DEBUG scheduler Access denied for site demo
2022-06-29 18:10:51,178 DEBUG scheduler Access denied for site demo
2022-06-29 18:11:51,512 DEBUG scheduler Access denied for site demo
2022-06-29 18:12:51,756 DEBUG scheduler Access denied for site demo
2022-06-29 18:13:52,682 DEBUG scheduler Access denied for site demo
2022-06-29 18:14:53,350 DEBUG scheduler Access denied for site demo
2022-06-29 18:15:54,082 DEBUG scheduler Access denied for site demo
2022-06-29 18:16:54,822 DEBUG scheduler Access denied for site demo
2022-06-29 18:17:55,557 DEBUG scheduler Access denied for site demo
2022-06-29 18:18:55,889 DEBUG scheduler Access denied for site demo
2022-06-29 18:19:56,483 DEBUG scheduler Access denied for site demo
2022-06-29 18:20:56,924 DEBUG scheduler Access denied for site demo
2022-06-29 18:21:57,872 DEBUG scheduler Access denied for site demo
2022-06-29 18:22:58,208 DEBUG scheduler Access denied for site demo
2022-06-29 18:23:58,759 DEBUG scheduler Access denied for site demo
2022-06-29 18:24:59,517 DEBUG scheduler Access denied for site demo
2022-06-29 18:26:00,334 DEBUG scheduler Access denied for site demo
2022-06-29 18:27:00,641 DEBUG scheduler Access denied for site demo
2022-06-29 18:28:01,308 DEBUG scheduler Access denied for site demo
2022-06-29 18:29:02,771 DEBUG scheduler Access denied for site demo
2022-06-29 18:30:03,224 DEBUG scheduler Access denied for site demo
2022-06-29 18:31:03,574 DEBUG scheduler Access denied for site demo
2022-06-29 18:32:03,944 DEBUG scheduler Access denied for site demo
2022-06-29 18:33:04,784 DEBUG scheduler Access denied for site demo
2022-06-29 18:34:05,246 DEBUG scheduler Access denied for site demo
2022-06-29 18:35:05,873 DEBUG scheduler Access denied for site demo
2022-06-29 18:36:06,204 DEBUG scheduler Access denied for site demo
2022-06-29 18:37:06,946 DEBUG scheduler Access denied for site demo
2022-06-29 18:38:07,365 DEBUG scheduler Access denied for site demo
2022-06-29 18:39:08,208 DEBUG scheduler Access denied for site demo
2022-06-29 18:40:09,034 DEBUG scheduler Access denied for site demo
2022-06-29 18:41:09,967 DEBUG scheduler Access denied for site demo
2022-06-29 18:42:10,373 DEBUG scheduler Access denied for site demo
2022-06-29 18:43:10,655 DEBUG scheduler Access denied for site demo
2022-06-29 18:44:11,025 DEBUG scheduler Access denied for site demo
2022-06-29 18:45:12,258 DEBUG scheduler Access denied for site demo
2022-06-29 18:46:12,776 DEBUG scheduler Access denied for site demo
2022-06-29 18:47:13,389 DEBUG scheduler Access denied for site demo
2022-06-29 18:48:13,839 DEBUG scheduler Access denied for site demo
2022-06-29 18:49:14,657 DEBUG scheduler Access denied for site demo
2022-06-29 18:50:15,345 DEBUG scheduler Access denied for site demo
2022-06-29 18:51:15,701 DEBUG scheduler Access denied for site demo
2022-06-29 18:52:16,432 DEBUG scheduler Access denied for site demo
2022-06-29 18:53:17,166 DEBUG scheduler Access denied for site demo
2022-06-29 18:54:17,564 DEBUG scheduler Access denied for site demo
2022-06-29 18:55:18,275 DEBUG scheduler Access denied for site demo
2022-06-29 18:56:18,848 DEBUG scheduler Access denied for site demo
2022-06-29 18:57:19,870 DEBUG scheduler Access denied for site demo
2022-06-29 18:58:20,426 DEBUG scheduler Access denied for site demo
2022-06-29 18:59:21,376 DEBUG scheduler Access denied for site demo
2022-06-29 19:00:21,822 DEBUG scheduler Access denied for site demo
2022-06-29 19:01:23,210 DEBUG scheduler Access denied for site demo
2022-06-29 19:02:24,340 DEBUG scheduler Access denied for site demo
2022-06-29 19:03:25,023 DEBUG scheduler Access denied for site demo
2022-06-29 19:04:25,921 DEBUG scheduler Access denied for site demo
2022-06-29 19:05:27,226 DEBUG scheduler Access denied for site demo
2022-06-29 19:06:27,697 DEBUG scheduler Access denied for site demo
2022-06-29 19:07:28,448 DEBUG scheduler Access denied for site demo
2022-06-29 19:08:29,156 DEBUG scheduler Access denied for site demo
2022-06-29 19:09:29,831 DEBUG scheduler Access denied for site demo
2022-06-29 19:10:30,477 DEBUG scheduler Access denied for site demo
2022-06-29 19:11:31,207 DEBUG scheduler Access denied for site demo
2022-06-29 19:12:31,797 DEBUG scheduler Access denied for site demo
2022-06-29 19:13:32,531 DEBUG scheduler Access denied for site demo
2022-06-29 19:14:32,832 DEBUG scheduler Access denied for site demo
2022-06-29 19:15:33,205 DEBUG scheduler Access denied for site demo
2022-06-29 19:16:33,646 DEBUG scheduler Access denied for site demo
2022-06-29 19:17:34,436 DEBUG scheduler Access denied for site demo
2022-06-29 19:18:34,946 DEBUG scheduler Access denied for site demo
2022-06-29 19:19:35,327 DEBUG scheduler Access denied for site demo
2022-06-29 19:20:35,805 DEBUG scheduler Access denied for site demo
2022-06-29 19:21:36,280 DEBUG scheduler Access denied for site demo
2022-06-29 19:22:36,641 DEBUG scheduler Access denied for site demo
2022-06-29 19:23:37,324 DEBUG scheduler Access denied for site demo
2022-06-29 19:24:37,759 DEBUG scheduler Access denied for site demo
2022-06-29 19:25:38,527 DEBUG scheduler Access denied for site demo
2022-06-29 19:26:38,846 DEBUG scheduler Access denied for site demo
2022-06-29 19:27:39,280 DEBUG scheduler Access denied for site demo
2022-06-29 19:28:39,660 DEBUG scheduler Access denied for site demo
2022-06-29 19:29:40,487 DEBUG scheduler Access denied for site demo
2022-06-29 19:30:40,852 DEBUG scheduler Access denied for site demo
2022-06-29 19:31:41,598 DEBUG scheduler Access denied for site demo
2022-06-29 19:32:41,960 DEBUG scheduler Access denied for site demo
2022-06-29 19:33:42,574 DEBUG scheduler Access denied for site demo
2022-06-29 19:34:42,839 DEBUG scheduler Access denied for site demo
2022-06-29 19:35:43,392 DEBUG scheduler Access denied for site demo
2022-06-29 19:36:43,665 DEBUG scheduler Access denied for site demo
2022-06-29 19:37:44,198 DEBUG scheduler Access denied for site demo
2022-06-29 19:38:44,520 DEBUG scheduler Access denied for site demo
2022-06-29 19:39:45,415 DEBUG scheduler Access denied for site demo
2022-06-29 19:40:46,195 DEBUG scheduler Access denied for site demo
2022-06-29 19:41:46,813 DEBUG scheduler Access denied for site demo
2022-06-29 19:42:47,795 DEBUG scheduler Access denied for site demo
2022-06-29 19:43:48,205 DEBUG scheduler Access denied for site demo
2022-06-29 19:44:48,517 DEBUG scheduler Access denied for site demo
2022-06-29 19:45:49,180 DEBUG scheduler Access denied for site demo
2022-06-29 19:46:49,724 DEBUG scheduler Access denied for site demo
2022-06-29 19:47:50,160 DEBUG scheduler Access denied for site demo
2022-06-29 19:48:50,624 DEBUG scheduler Access denied for site demo
2022-06-29 19:49:51,457 DEBUG scheduler Access denied for site demo
2022-06-29 19:50:51,748 DEBUG scheduler Access denied for site demo
2022-06-29 19:51:52,600 DEBUG scheduler Access denied for site demo
2022-06-29 19:52:52,846 DEBUG scheduler Access denied for site demo
2022-06-29 19:53:53,548 DEBUG scheduler Access denied for site demo
2022-06-29 19:54:53,822 DEBUG scheduler Access denied for site demo
2022-06-29 19:55:54,377 DEBUG scheduler Access denied for site demo
2022-06-29 19:56:55,086 DEBUG scheduler Access denied for site demo
2022-06-29 19:57:55,746 DEBUG scheduler Access denied for site demo
2022-06-29 19:58:56,170 DEBUG scheduler Access denied for site demo
2022-06-29 19:59:56,624 DEBUG scheduler Access denied for site demo
2022-06-29 20:00:56,908 DEBUG scheduler Access denied for site demo
2022-06-29 20:01:58,304 DEBUG scheduler Access denied for site demo
2022-06-29 20:02:58,761 DEBUG scheduler Access denied for site demo
2022-06-29 20:03:59,145 DEBUG scheduler Access denied for site demo
2022-06-29 20:04:59,498 DEBUG scheduler Access denied for site demo
2022-06-29 20:06:00,326 DEBUG scheduler Access denied for site demo
2022-06-29 20:07:01,046 DEBUG scheduler Access denied for site demo
2022-06-29 20:08:01,403 DEBUG scheduler Access denied for site demo
2022-06-29 20:09:02,461 DEBUG scheduler Access denied for site demo
2022-06-29 20:10:03,026 DEBUG scheduler Access denied for site demo
2022-06-29 20:11:03,355 DEBUG scheduler Access denied for site demo
2022-06-29 20:12:03,761 DEBUG scheduler Access denied for site demo
2022-06-29 20:13:04,462 DEBUG scheduler Access denied for site demo
2022-06-29 20:14:04,759 DEBUG scheduler Access denied for site demo
2022-06-29 20:15:05,199 DEBUG scheduler Access denied for site demo
2022-06-29 20:16:05,532 DEBUG scheduler Access denied for site demo
2022-06-29 20:17:06,094 DEBUG scheduler Access denied for site demo
2022-06-29 20:18:06,739 DEBUG scheduler Access denied for site demo
2022-06-29 20:19:07,202 DEBUG scheduler Access denied for site demo
2022-06-29 20:20:07,742 DEBUG scheduler Access denied for site demo
2022-06-29 20:21:08,373 DEBUG scheduler Access denied for site demo
2022-06-29 20:22:08,781 DEBUG scheduler Access denied for site demo
2022-06-29 20:23:09,123 DEBUG scheduler Access denied for site demo
2022-06-29 20:24:09,444 DEBUG scheduler Access denied for site demo
2022-06-29 20:25:10,467 DEBUG scheduler Access denied for site demo
2022-06-29 20:26:10,742 DEBUG scheduler Access denied for site demo
2022-06-29 20:27:11,173 DEBUG scheduler Access denied for site demo
2022-06-29 20:28:11,609 DEBUG scheduler Access denied for site demo
2022-06-29 20:29:12,149 DEBUG scheduler Access denied for site demo
2022-06-29 20:30:12,474 DEBUG scheduler Access denied for site demo
2022-06-29 20:31:12,894 DEBUG scheduler Access denied for site demo
2022-06-29 20:32:13,491 DEBUG scheduler Access denied for site demo
2022-06-29 20:33:13,916 DEBUG scheduler Access denied for site demo
2022-06-29 20:34:14,404 DEBUG scheduler Access denied for site demo
2022-06-29 20:35:14,848 DEBUG scheduler Access denied for site demo
2022-06-29 20:36:15,517 DEBUG scheduler Access denied for site demo
2022-06-29 20:37:15,840 DEBUG scheduler Access denied for site demo
2022-06-29 20:38:16,212 DEBUG scheduler Access denied for site demo
2022-06-29 20:39:16,656 DEBUG scheduler Access denied for site demo
2022-06-29 20:40:17,134 DEBUG scheduler Access denied for site demo
2022-06-29 20:41:18,313 DEBUG scheduler Access denied for site demo
2022-06-29 20:42:18,639 DEBUG scheduler Access denied for site demo
2022-06-29 20:43:19,194 DEBUG scheduler Access denied for site demo
2022-06-29 20:44:19,682 DEBUG scheduler Access denied for site demo
2022-06-29 20:45:20,677 DEBUG scheduler Access denied for site demo
2022-06-29 20:46:21,179 DEBUG scheduler Access denied for site demo
2022-06-29 20:47:21,722 DEBUG scheduler Access denied for site demo
2022-06-29 20:48:22,402 DEBUG scheduler Access denied for site demo
2022-06-29 20:49:23,150 DEBUG scheduler Access denied for site demo
2022-06-29 20:50:23,442 DEBUG scheduler Access denied for site demo
2022-06-29 20:51:23,904 DEBUG scheduler Access denied for site demo
2022-06-29 20:52:24,798 DEBUG scheduler Access denied for site demo
2022-06-29 20:53:25,593 DEBUG scheduler Access denied for site demo
2022-06-29 20:54:26,159 DEBUG scheduler Access denied for site demo
2022-06-29 20:55:26,569 DEBUG scheduler Access denied for site demo
2022-06-29 20:56:27,130 DEBUG scheduler Access denied for site demo
2022-06-29 20:57:27,730 DEBUG scheduler Access denied for site demo
2022-06-29 20:58:28,319 DEBUG scheduler Access denied for site demo
2022-06-29 20:59:28,634 DEBUG scheduler Access denied for site demo
2022-06-29 21:00:28,954 DEBUG scheduler Access denied for site demo
2022-06-29 21:01:30,394 DEBUG scheduler Access denied for site demo
2022-06-29 21:02:30,752 DEBUG scheduler Access denied for site demo
2022-06-29 21:03:31,458 DEBUG scheduler Access denied for site demo
2022-06-29 21:04:31,715 DEBUG scheduler Access denied for site demo
2022-06-29 21:05:32,545 DEBUG scheduler Access denied for site demo
2022-06-29 21:06:33,050 DEBUG scheduler Access denied for site demo
2022-06-29 21:07:33,434 DEBUG scheduler Access denied for site demo
2022-06-29 21:08:33,788 DEBUG scheduler Access denied for site demo
2022-06-29 21:09:34,344 DEBUG scheduler Access denied for site demo
2022-06-29 21:10:34,708 DEBUG scheduler Access denied for site demo
2022-06-29 21:11:35,189 DEBUG scheduler Access denied for site demo
2022-06-29 21:12:35,719 DEBUG scheduler Access denied for site demo
2022-06-29 21:13:36,472 DEBUG scheduler Access denied for site demo
2022-06-29 21:14:36,840 DEBUG scheduler Access denied for site demo
2022-06-29 21:15:37,409 DEBUG scheduler Access denied for site demo
2022-06-29 21:16:37,701 DEBUG scheduler Access denied for site demo
2022-06-29 21:17:38,160 DEBUG scheduler Access denied for site demo
2022-06-29 21:18:38,521 DEBUG scheduler Access denied for site demo
2022-06-29 21:19:38,753 DEBUG scheduler Access denied for site demo
2022-06-29 21:20:39,112 DEBUG scheduler Access denied for site demo
2022-06-29 21:21:39,799 DEBUG scheduler Access denied for site demo
2022-06-29 21:22:40,144 DEBUG scheduler Access denied for site demo
2022-06-29 21:23:40,748 DEBUG scheduler Access denied for site demo
2022-06-29 21:24:41,641 DEBUG scheduler Access denied for site demo
2022-06-29 21:25:42,181 DEBUG scheduler Access denied for site demo
2022-06-29 21:26:42,741 DEBUG scheduler Access denied for site demo
2022-06-29 21:27:43,343 DEBUG scheduler Access denied for site demo
2022-06-29 21:28:43,709 DEBUG scheduler Access denied for site demo
2022-06-29 21:29:44,424 DEBUG scheduler Access denied for site demo
2022-06-29 21:30:44,863 DEBUG scheduler Access denied for site demo
2022-06-29 21:31:45,356 DEBUG scheduler Access denied for site demo
2022-06-29 21:32:45,884 DEBUG scheduler Access denied for site demo
2022-06-29 21:33:46,284 DEBUG scheduler Access denied for site demo
2022-06-29 21:34:46,624 DEBUG scheduler Access denied for site demo
2022-06-29 21:35:47,141 DEBUG scheduler Access denied for site demo
2022-06-29 21:36:47,604 DEBUG scheduler Access denied for site demo
2022-06-29 21:37:48,485 DEBUG scheduler Access denied for site demo
2022-06-29 21:38:48,847 DEBUG scheduler Access denied for site demo
2022-06-29 21:39:49,329 DEBUG scheduler Access denied for site demo
2022-06-29 21:40:50,077 DEBUG scheduler Access denied for site demo
2022-06-29 21:41:50,400 DEBUG scheduler Access denied for site demo
2022-06-29 21:42:50,803 DEBUG scheduler Access denied for site demo
2022-06-29 21:43:51,123 DEBUG scheduler Access denied for site demo
2022-06-29 21:44:51,392 DEBUG scheduler Access denied for site demo
2022-06-29 21:45:52,162 DEBUG scheduler Access denied for site demo
2022-06-29 21:46:52,600 DEBUG scheduler Access denied for site demo
2022-06-29 21:47:53,156 DEBUG scheduler Access denied for site demo
2022-06-29 21:48:53,496 DEBUG scheduler Access denied for site demo
2022-06-29 21:49:54,347 DEBUG scheduler Access denied for site demo
2022-06-29 21:50:54,708 DEBUG scheduler Access denied for site demo
2022-06-29 21:51:55,221 DEBUG scheduler Access denied for site demo
2022-06-29 21:52:55,596 DEBUG scheduler Access denied for site demo
2022-06-29 21:53:56,356 DEBUG scheduler Access denied for site demo
2022-06-29 21:54:56,806 DEBUG scheduler Access denied for site demo
2022-06-29 21:55:57,249 DEBUG scheduler Access denied for site demo
2022-06-29 21:56:57,661 DEBUG scheduler Access denied for site demo
2022-06-29 21:57:58,437 DEBUG scheduler Access denied for site demo
2022-06-29 21:58:58,816 DEBUG scheduler Access denied for site demo
2022-06-29 21:59:59,172 DEBUG scheduler Access denied for site demo
2022-06-29 22:00:59,540 DEBUG scheduler Access denied for site demo
2022-06-29 22:02:00,375 DEBUG scheduler Access denied for site demo
2022-06-29 22:03:00,714 DEBUG scheduler Access denied for site demo
2022-06-29 22:04:01,211 DEBUG scheduler Access denied for site demo
2022-06-29 22:05:01,776 DEBUG scheduler Access denied for site demo
2022-06-29 22:06:02,405 DEBUG scheduler Access denied for site demo
2022-06-29 22:07:03,044 DEBUG scheduler Access denied for site demo
2022-06-29 22:08:03,810 DEBUG scheduler Access denied for site demo
2022-06-29 22:09:04,501 DEBUG scheduler Access denied for site demo
2022-06-29 22:10:04,787 DEBUG scheduler Access denied for site demo
2022-06-29 22:11:05,132 DEBUG scheduler Access denied for site demo
2022-06-29 22:12:05,433 DEBUG scheduler Access denied for site demo
2022-06-29 22:13:05,783 DEBUG scheduler Access denied for site demo
2022-06-29 22:14:06,254 DEBUG scheduler Access denied for site demo
2022-06-29 22:15:06,692 DEBUG scheduler Access denied for site demo
2022-06-29 22:16:07,245 DEBUG scheduler Access denied for site demo
2022-06-29 22:17:07,665 DEBUG scheduler Access denied for site demo
2022-06-29 22:18:07,919 DEBUG scheduler Access denied for site demo
2022-06-29 22:19:08,474 DEBUG scheduler Access denied for site demo
2022-06-29 22:20:08,856 DEBUG scheduler Access denied for site demo
2022-06-29 22:21:09,350 DEBUG scheduler Access denied for site demo
2022-06-29 22:22:10,047 DEBUG scheduler Access denied for site demo
2022-06-29 22:23:10,456 DEBUG scheduler Access denied for site demo
2022-06-29 22:24:10,741 DEBUG scheduler Access denied for site demo
2022-06-29 22:25:11,235 DEBUG scheduler Access denied for site demo
2022-06-29 22:26:11,572 DEBUG scheduler Access denied for site demo
2022-06-29 22:27:12,347 DEBUG scheduler Access denied for site demo
2022-06-29 22:28:12,652 DEBUG scheduler Access denied for site demo
2022-06-29 22:29:13,165 DEBUG scheduler Access denied for site demo
2022-06-29 22:30:13,668 DEBUG scheduler Access denied for site demo
2022-06-29 22:31:14,058 DEBUG scheduler Access denied for site demo
2022-06-29 22:32:14,424 DEBUG scheduler Access denied for site demo
2022-06-29 22:33:15,180 DEBUG scheduler Access denied for site demo
2022-06-29 22:34:15,519 DEBUG scheduler Access denied for site demo
2022-06-29 22:35:16,151 DEBUG scheduler Access denied for site demo
2022-06-29 22:36:16,483 DEBUG scheduler Access denied for site demo
2022-06-29 22:37:16,825 DEBUG scheduler Access denied for site demo
2022-06-29 22:38:17,395 DEBUG scheduler Access denied for site demo
2022-06-29 22:39:17,703 DEBUG scheduler Access denied for site demo
2022-06-29 22:40:18,240 DEBUG scheduler Access denied for site demo
2022-06-29 22:41:19,140 DEBUG scheduler Access denied for site demo
2022-06-29 22:42:19,524 DEBUG scheduler Access denied for site demo
2022-06-29 22:43:19,804 DEBUG scheduler Access denied for site demo
2022-06-29 22:44:20,123 DEBUG scheduler Access denied for site demo
2022-06-29 22:45:20,678 DEBUG scheduler Access denied for site demo
2022-06-29 22:46:21,262 DEBUG scheduler Access denied for site demo
2022-06-29 22:47:21,516 DEBUG scheduler Access denied for site demo
2022-06-29 22:48:21,767 DEBUG scheduler Access denied for site demo
2022-06-29 22:49:22,532 DEBUG scheduler Access denied for site demo
2022-06-29 22:50:23,060 DEBUG scheduler Access denied for site demo
2022-06-29 22:51:23,484 DEBUG scheduler Access denied for site demo
2022-06-29 22:52:23,865 DEBUG scheduler Access denied for site demo
2022-06-29 22:53:24,564 DEBUG scheduler Access denied for site demo
2022-06-29 22:54:24,873 DEBUG scheduler Access denied for site demo
2022-06-29 22:55:25,498 DEBUG scheduler Access denied for site demo
2022-06-29 22:56:25,777 DEBUG scheduler Access denied for site demo
2022-06-29 22:57:26,534 DEBUG scheduler Access denied for site demo
2022-06-29 22:58:27,071 DEBUG scheduler Access denied for site demo
2022-06-29 22:59:27,423 DEBUG scheduler Access denied for site demo
2022-06-29 23:00:27,806 DEBUG scheduler Access denied for site demo
2022-06-29 23:01:29,409 DEBUG scheduler Access denied for site demo
2022-06-29 23:02:29,723 DEBUG scheduler Access denied for site demo
2022-06-29 23:03:30,154 DEBUG scheduler Access denied for site demo
2022-06-29 23:04:30,610 DEBUG scheduler Access denied for site demo
2022-06-29 23:05:31,408 DEBUG scheduler Access denied for site demo
2022-06-29 23:06:31,751 DEBUG scheduler Access denied for site demo
2022-06-29 23:07:32,153 DEBUG scheduler Access denied for site demo
2022-06-29 23:08:32,491 DEBUG scheduler Access denied for site demo
2022-06-29 23:09:32,915 DEBUG scheduler Access denied for site demo
2022-06-29 23:10:33,259 DEBUG scheduler Access denied for site demo
2022-06-29 23:11:33,879 DEBUG scheduler Access denied for site demo
2022-06-29 23:12:34,399 DEBUG scheduler Access denied for site demo
2022-06-29 23:13:34,857 DEBUG scheduler Access denied for site demo
2022-06-29 23:14:35,480 DEBUG scheduler Access denied for site demo
2022-06-29 23:15:36,019 DEBUG scheduler Access denied for site demo
2022-06-29 23:16:36,455 DEBUG scheduler Access denied for site demo
2022-06-29 23:17:37,355 DEBUG scheduler Access denied for site demo
2022-06-29 23:18:37,692 DEBUG scheduler Access denied for site demo
2022-06-29 23:19:38,455 DEBUG scheduler Access denied for site demo
2022-06-29 23:20:39,161 DEBUG scheduler Access denied for site demo
2022-06-29 23:21:39,759 DEBUG scheduler Access denied for site demo
2022-06-29 23:22:40,210 DEBUG scheduler Access denied for site demo
2022-06-29 23:23:40,805 DEBUG scheduler Access denied for site demo
2022-06-29 23:24:41,154 DEBUG scheduler Access denied for site demo
2022-06-29 23:25:41,771 DEBUG scheduler Access denied for site demo
2022-06-29 23:26:42,638 DEBUG scheduler Access denied for site demo
2022-06-29 23:27:42,970 DEBUG scheduler Access denied for site demo
2022-06-29 23:28:44,151 DEBUG scheduler Access denied for site demo
2022-06-29 23:29:44,901 DEBUG scheduler Access denied for site demo
2022-06-29 23:30:45,344 DEBUG scheduler Access denied for site demo
2022-06-29 23:31:46,204 DEBUG scheduler Access denied for site demo
2022-06-29 23:32:46,553 DEBUG scheduler Access denied for site demo
2022-06-29 23:33:47,278 DEBUG scheduler Access denied for site demo
2022-06-29 23:34:47,704 DEBUG scheduler Access denied for site demo
2022-06-29 23:35:48,277 DEBUG scheduler Access denied for site demo
2022-06-29 23:36:48,691 DEBUG scheduler Access denied for site demo
2022-06-29 23:37:49,273 DEBUG scheduler Access denied for site demo
2022-06-29 23:38:49,732 DEBUG scheduler Access denied for site demo
2022-06-29 23:39:50,225 DEBUG scheduler Access denied for site demo
2022-06-29 23:40:51,036 DEBUG scheduler Access denied for site demo
2022-06-29 23:41:51,799 DEBUG scheduler Access denied for site demo
2022-06-29 23:42:52,180 DEBUG scheduler Access denied for site demo
2022-06-29 23:43:52,688 DEBUG scheduler Access denied for site demo
2022-06-29 23:44:53,261 DEBUG scheduler Access denied for site demo
2022-06-29 23:45:53,892 DEBUG scheduler Access denied for site demo
2022-06-29 23:46:54,629 DEBUG scheduler Access denied for site demo
2022-06-29 23:47:55,254 DEBUG scheduler Access denied for site demo
2022-06-29 23:48:55,789 DEBUG scheduler Access denied for site demo
2022-06-29 23:49:56,744 DEBUG scheduler Access denied for site demo
2022-06-29 23:50:57,200 DEBUG scheduler Access denied for site demo
2022-06-29 23:51:57,723 DEBUG scheduler Access denied for site demo
2022-06-29 23:52:58,371 DEBUG scheduler Access denied for site demo
2022-06-29 23:53:59,351 DEBUG scheduler Access denied for site demo
2022-06-29 23:54:59,852 DEBUG scheduler Access denied for site demo
2022-06-29 23:56:00,280 DEBUG scheduler Access denied for site demo
2022-06-29 23:57:00,816 DEBUG scheduler Access denied for site demo
2022-06-29 23:58:01,863 DEBUG scheduler Access denied for site demo
2022-06-29 23:59:02,274 DEBUG scheduler Access denied for site demo
2022-06-30 00:00:03,011 DEBUG scheduler Access denied for site demo
2022-06-30 00:01:04,252 DEBUG scheduler Access denied for site demo
2022-06-30 00:02:04,540 DEBUG scheduler Access denied for site demo
2022-06-30 00:03:05,148 DEBUG scheduler Access denied for site demo
2022-06-30 00:04:05,713 DEBUG scheduler Access denied for site demo
2022-06-30 00:05:07,012 DEBUG scheduler Access denied for site demo
2022-06-30 00:06:07,799 DEBUG scheduler Access denied for site demo
2022-06-30 00:07:08,654 DEBUG scheduler Access denied for site demo
2022-06-30 00:08:09,334 DEBUG scheduler Access denied for site demo
2022-06-30 00:09:10,216 DEBUG scheduler Access denied for site demo
2022-06-30 00:10:10,710 DEBUG scheduler Access denied for site demo
2022-06-30 00:11:11,371 DEBUG scheduler Access denied for site demo
2022-06-30 00:12:12,135 DEBUG scheduler Access denied for site demo
2022-06-30 00:13:12,739 DEBUG scheduler Access denied for site demo
2022-06-30 00:14:13,525 DEBUG scheduler Access denied for site demo
2022-06-30 00:15:13,952 DEBUG scheduler Access denied for site demo
2022-06-30 00:16:14,807 DEBUG scheduler Access denied for site demo
2022-06-30 00:17:15,625 DEBUG scheduler Access denied for site demo
2022-06-30 00:18:16,004 DEBUG scheduler Access denied for site demo
2022-06-30 00:19:16,492 DEBUG scheduler Access denied for site demo
2022-06-30 00:20:17,017 DEBUG scheduler Access denied for site demo
2022-06-30 00:21:18,110 DEBUG scheduler Access denied for site demo
2022-06-30 00:22:18,619 DEBUG scheduler Access denied for site demo
2022-06-30 00:23:19,314 DEBUG scheduler Access denied for site demo
2022-06-30 00:24:19,691 DEBUG scheduler Access denied for site demo
2022-06-30 00:25:20,622 DEBUG scheduler Access denied for site demo
2022-06-30 00:26:21,081 DEBUG scheduler Access denied for site demo
2022-06-30 00:27:21,373 DEBUG scheduler Access denied for site demo
2022-06-30 00:28:21,945 DEBUG scheduler Access denied for site demo
2022-06-30 00:29:22,553 DEBUG scheduler Access denied for site demo
2022-06-30 00:30:23,212 DEBUG scheduler Access denied for site demo
2022-06-30 00:31:23,655 DEBUG scheduler Access denied for site demo
2022-06-30 00:32:24,169 DEBUG scheduler Access denied for site demo
2022-06-30 00:33:25,125 DEBUG scheduler Access denied for site demo
2022-06-30 00:34:25,659 DEBUG scheduler Access denied for site demo
2022-06-30 00:35:26,538 DEBUG scheduler Access denied for site demo
2022-06-30 00:36:27,708 DEBUG scheduler Access denied for site demo
2022-06-30 00:37:29,055 DEBUG scheduler Access denied for site demo
2022-06-30 00:38:29,459 DEBUG scheduler Access denied for site demo
2022-06-30 00:39:30,033 DEBUG scheduler Access denied for site demo
2022-06-30 00:40:30,737 DEBUG scheduler Access denied for site demo
2022-06-30 00:41:31,836 DEBUG scheduler Access denied for site demo
2022-06-30 00:42:32,278 DEBUG scheduler Access denied for site demo
2022-06-30 00:43:33,405 DEBUG scheduler Access denied for site demo
2022-06-30 00:44:34,479 DEBUG scheduler Access denied for site demo
2022-06-30 00:45:35,839 DEBUG scheduler Access denied for site demo
2022-06-30 00:46:36,554 DEBUG scheduler Access denied for site demo
2022-06-30 00:47:37,224 DEBUG scheduler Access denied for site demo
2022-06-30 00:48:38,481 DEBUG scheduler Access denied for site demo
                                                                    2022-06-30 08:16:33,618 ERROR scheduler Exception in Enqueue Events for Site demo
Traceback (most recent call last):
  File "env/lib/python3.8/site-packages/pymysql/connections.py", line 613, in connect
    sock = socket.create_connection(
  File "/opt/bitnami/python/lib/python3.8/socket.py", line 808, in create_connection
    raise err
  File "/opt/bitnami/python/lib/python3.8/socket.py", line 796, in create_connection
    sock.connect(sa)
ConnectionRefusedError: [Errno 111] Connection refused

During handling of the above exception, another exception occurred:

Traceback (most recent call last):
  File "apps/frappe/frappe/utils/scheduler.py", line 70, in enqueue_events_for_site
    if is_scheduler_inactive():
  File "apps/frappe/frappe/utils/scheduler.py", line 105, in is_scheduler_inactive
    if is_scheduler_disabled():
  File "apps/frappe/frappe/utils/scheduler.py", line 115, in is_scheduler_disabled
    return not frappe.utils.cint(frappe.db.get_single_value("System Settings", "enable_scheduler"))
  File "apps/frappe/frappe/database/database.py", line 671, in get_single_value
    val = self.sql(
  File "apps/frappe/frappe/database/database.py", line 148, in sql
    self.connect()
  File "apps/frappe/frappe/database/database.py", line 84, in connect
    self._conn = self.get_connection()
  File "apps/frappe/frappe/database/mariadb/database.py", line 76, in get_connection
    conn = pymysql.connect(
  File "env/lib/python3.8/site-packages/pymysql/connections.py", line 353, in __init__
    self.connect()
  File "env/lib/python3.8/site-packages/pymysql/connections.py", line 664, in connect
    raise exc
pymysql.err.OperationalError: (2003, "Can't connect to MySQL server on '127.0.0.1' ([Errno 111] Connection refused)")

2022-06-30 08:17:34,463 ERROR scheduler Exception in Enqueue Events for Site demo
Traceback (most recent call last):
  File "env/lib/python3.8/site-packages/pymysql/connections.py", line 613, in connect
    sock = socket.create_connection(
  File "/opt/bitnami/python/lib/python3.8/socket.py", line 808, in create_connection
    raise err
  File "/opt/bitnami/python/lib/python3.8/socket.py", line 796, in create_connection
    sock.connect(sa)
ConnectionRefusedError: [Errno 111] Connection refused

During handling of the above exception, another exception occurred:

Traceback (most recent call last):
  File "apps/frappe/frappe/utils/scheduler.py", line 70, in enqueue_events_for_site
    if is_scheduler_inactive():
  File "apps/frappe/frappe/utils/scheduler.py", line 105, in is_scheduler_inactive
    if is_scheduler_disabled():
  File "apps/frappe/frappe/utils/scheduler.py", line 115, in is_scheduler_disabled
    return not frappe.utils.cint(frappe.db.get_single_value("System Settings", "enable_scheduler"))
  File "apps/frappe/frappe/database/database.py", line 671, in get_single_value
    val = self.sql(
  File "apps/frappe/frappe/database/database.py", line 148, in sql
    self.connect()
  File "apps/frappe/frappe/database/database.py", line 84, in connect
    self._conn = self.get_connection()
  File "apps/frappe/frappe/database/mariadb/database.py", line 76, in get_connection
    conn = pymysql.connect(
  File "env/lib/python3.8/site-packages/pymysql/connections.py", line 353, in __init__
    self.connect()
  File "env/lib/python3.8/site-packages/pymysql/connections.py", line 664, in connect
    raise exc
pymysql.err.OperationalError: (2003, "Can't connect to MySQL server on '127.0.0.1' ([Errno 111] Connection refused)")

2022-06-30 08:18:34,639 ERROR scheduler Exception in Enqueue Events for Site demo
Traceback (most recent call last):
  File "env/lib/python3.8/site-packages/pymysql/connections.py", line 613, in connect
    sock = socket.create_connection(
  File "/opt/bitnami/python/lib/python3.8/socket.py", line 808, in create_connection
    raise err
  File "/opt/bitnami/python/lib/python3.8/socket.py", line 796, in create_connection
    sock.connect(sa)
ConnectionRefusedError: [Errno 111] Connection refused

During handling of the above exception, another exception occurred:

Traceback (most recent call last):
  File "apps/frappe/frappe/utils/scheduler.py", line 70, in enqueue_events_for_site
    if is_scheduler_inactive():
  File "apps/frappe/frappe/utils/scheduler.py", line 105, in is_scheduler_inactive
    if is_scheduler_disabled():
  File "apps/frappe/frappe/utils/scheduler.py", line 115, in is_scheduler_disabled
    return not frappe.utils.cint(frappe.db.get_single_value("System Settings", "enable_scheduler"))
  File "apps/frappe/frappe/database/database.py", line 671, in get_single_value
    val = self.sql(
  File "apps/frappe/frappe/database/database.py", line 148, in sql
    self.connect()
  File "apps/frappe/frappe/database/database.py", line 84, in connect
    self._conn = self.get_connection()
  File "apps/frappe/frappe/database/mariadb/database.py", line 76, in get_connection
    conn = pymysql.connect(
  File "env/lib/python3.8/site-packages/pymysql/connections.py", line 353, in __init__
    self.connect()
  File "env/lib/python3.8/site-packages/pymysql/connections.py", line 664, in connect
    raise exc
pymysql.err.OperationalError: (2003, "Can't connect to MySQL server on '127.0.0.1' ([Errno 111] Connection refused)")

2022-06-30 08:19:35,590 ERROR scheduler Exception in Enqueue Events for Site demo
Traceback (most recent call last):
  File "env/lib/python3.8/site-packages/pymysql/connections.py", line 613, in connect
    sock = socket.create_connection(
  File "/opt/bitnami/python/lib/python3.8/socket.py", line 808, in create_connection
    raise err
  File "/opt/bitnami/python/lib/python3.8/socket.py", line 796, in create_connection
    sock.connect(sa)
ConnectionRefusedError: [Errno 111] Connection refused

During handling of the above exception, another exception occurred:

Traceback (most recent call last):
  File "apps/frappe/frappe/utils/scheduler.py", line 70, in enqueue_events_for_site
    if is_scheduler_inactive():
  File "apps/frappe/frappe/utils/scheduler.py", line 105, in is_scheduler_inactive
    if is_scheduler_disabled():
  File "apps/frappe/frappe/utils/scheduler.py", line 115, in is_scheduler_disabled
    return not frappe.utils.cint(frappe.db.get_single_value("System Settings", "enable_scheduler"))
  File "apps/frappe/frappe/database/database.py", line 671, in get_single_value
    val = self.sql(
  File "apps/frappe/frappe/database/database.py", line 148, in sql
    self.connect()
  File "apps/frappe/frappe/database/database.py", line 84, in connect
    self._conn = self.get_connection()
  File "apps/frappe/frappe/database/mariadb/database.py", line 76, in get_connection
    conn = pymysql.connect(
  File "env/lib/python3.8/site-packages/pymysql/connections.py", line 353, in __init__
    self.connect()
  File "env/lib/python3.8/site-packages/pymysql/connections.py", line 664, in connect
    raise exc
pymysql.err.OperationalError: (2003, "Can't connect to MySQL server on '127.0.0.1' ([Errno 111] Connection refused)")

2022-06-30 08:20:36,038 ERROR scheduler Exception in Enqueue Events for Site demo
Traceback (most recent call last):
  File "env/lib/python3.8/site-packages/pymysql/connections.py", line 613, in connect
    sock = socket.create_connection(
  File "/opt/bitnami/python/lib/python3.8/socket.py", line 808, in create_connection
    raise err
  File "/opt/bitnami/python/lib/python3.8/socket.py", line 796, in create_connection
    sock.connect(sa)
ConnectionRefusedError: [Errno 111] Connection refused

During handling of the above exception, another exception occurred:

Traceback (most recent call last):
  File "apps/frappe/frappe/utils/scheduler.py", line 70, in enqueue_events_for_site
    if is_scheduler_inactive():
  File "apps/frappe/frappe/utils/scheduler.py", line 105, in is_scheduler_inactive
    if is_scheduler_disabled():
  File "apps/frappe/frappe/utils/scheduler.py", line 115, in is_scheduler_disabled
    return not frappe.utils.cint(frappe.db.get_single_value("System Settings", "enable_scheduler"))
  File "apps/frappe/frappe/database/database.py", line 671, in get_single_value
    val = self.sql(
  File "apps/frappe/frappe/database/database.py", line 148, in sql
    self.connect()
  File "apps/frappe/frappe/database/database.py", line 84, in connect
    self._conn = self.get_connection()
  File "apps/frappe/frappe/database/mariadb/database.py", line 76, in get_connection
    conn = pymysql.connect(
  File "env/lib/python3.8/site-packages/pymysql/connections.py", line 353, in __init__
    self.connect()
  File "env/lib/python3.8/site-packages/pymysql/connections.py", line 664, in connect
    raise exc
pymysql.err.OperationalError: (2003, "Can't connect to MySQL server on '127.0.0.1' ([Errno 111] Connection refused)")

2022-06-30 08:21:36,434 ERROR scheduler Exception in Enqueue Events for Site demo
Traceback (most recent call last):
  File "env/lib/python3.8/site-packages/pymysql/connections.py", line 613, in connect
    sock = socket.create_connection(
  File "/opt/bitnami/python/lib/python3.8/socket.py", line 808, in create_connection
    raise err
  File "/opt/bitnami/python/lib/python3.8/socket.py", line 796, in create_connection
    sock.connect(sa)
ConnectionRefusedError: [Errno 111] Connection refused

During handling of the above exception, another exception occurred:

Traceback (most recent call last):
  File "apps/frappe/frappe/utils/scheduler.py", line 70, in enqueue_events_for_site
    if is_scheduler_inactive():
  File "apps/frappe/frappe/utils/scheduler.py", line 105, in is_scheduler_inactive
    if is_scheduler_disabled():
  File "apps/frappe/frappe/utils/scheduler.py", line 115, in is_scheduler_disabled
    return not frappe.utils.cint(frappe.db.get_single_value("System Settings", "enable_scheduler"))
  File "apps/frappe/frappe/database/database.py", line 671, in get_single_value
    val = self.sql(
  File "apps/frappe/frappe/database/database.py", line 148, in sql
    self.connect()
  File "apps/frappe/frappe/database/database.py", line 84, in connect
    self._conn = self.get_connection()
  File "apps/frappe/frappe/database/mariadb/database.py", line 76, in get_connection
    conn = pymysql.connect(
  File "env/lib/python3.8/site-packages/pymysql/connections.py", line 353, in __init__
    self.connect()
  File "env/lib/python3.8/site-packages/pymysql/connections.py", line 664, in connect
    raise exc
pymysql.err.OperationalError: (2003, "Can't connect to MySQL server on '127.0.0.1' ([Errno 111] Connection refused)")

2022-06-30 08:23:57,720 DEBUG scheduler Access denied for site demo
2022-06-30 08:25:02,298 DEBUG scheduler Access denied for site demo
2022-06-30 08:26:03,498 DEBUG scheduler Access denied for site demo
2022-06-30 08:27:04,651 DEBUG scheduler Access denied for site demo
2022-06-30 08:28:05,542 DEBUG scheduler Access denied for site demo
2022-06-30 08:29:05,974 DEBUG scheduler Access denied for site demo
2022-06-30 08:30:06,416 DEBUG scheduler Access denied for site demo
2022-06-30 08:31:07,049 DEBUG scheduler Access denied for site demo
2022-06-30 08:32:07,684 DEBUG scheduler Access denied for site demo
2022-06-30 08:33:08,956 DEBUG scheduler Access denied for site demo
2022-06-30 08:34:09,985 DEBUG scheduler Access denied for site demo
2022-06-30 08:35:10,808 DEBUG scheduler Access denied for site demo
2022-06-30 08:36:11,183 DEBUG scheduler Access denied for site demo
2022-06-30 08:37:12,611 DEBUG scheduler Access denied for site demo
2022-06-30 08:38:13,074 DEBUG scheduler Access denied for site demo
2022-06-30 08:39:13,591 DEBUG scheduler Access denied for site demo
2022-06-30 08:40:14,100 DEBUG scheduler Access denied for site demo
2022-06-30 08:41:14,503 DEBUG scheduler Access denied for site demo
2022-06-30 08:42:15,536 DEBUG scheduler Access denied for site demo
2022-06-30 08:43:15,997 DEBUG scheduler Access denied for site demo
2022-06-30 08:44:16,377 DEBUG scheduler Access denied for site demo
2022-06-30 08:45:16,897 DEBUG scheduler Access denied for site demo
2022-06-30 08:46:17,303 DEBUG scheduler Access denied for site demo
2022-06-30 08:47:17,736 DEBUG scheduler Access denied for site demo
2022-06-30 08:48:18,101 DEBUG scheduler Access denied for site demo
2022-06-30 08:49:18,676 DEBUG scheduler Access denied for site demo
2022-06-30 08:50:19,541 DEBUG scheduler Access denied for site demo
2022-06-30 08:51:19,723 DEBUG scheduler Access denied for site demo
2022-06-30 08:52:20,585 DEBUG scheduler Access denied for site demo
2022-06-30 08:53:21,618 DEBUG scheduler Access denied for site demo
2022-06-30 08:54:21,849 DEBUG scheduler Access denied for site demo
2022-06-30 08:55:22,166 DEBUG scheduler Access denied for site demo
2022-06-30 08:56:22,452 DEBUG scheduler Access denied for site demo
2022-06-30 08:57:23,652 DEBUG scheduler Access denied for site demo
2022-06-30 08:58:24,659 DEBUG scheduler Access denied for site demo
2022-06-30 08:59:25,785 DEBUG scheduler Access denied for site demo
2022-06-30 09:00:26,182 DEBUG scheduler Access denied for site demo
2022-06-30 09:01:27,455 DEBUG scheduler Access denied for site demo
2022-06-30 09:02:27,679 DEBUG scheduler Access denied for site demo
2022-06-30 09:03:28,907 DEBUG scheduler Access denied for site demo
2022-06-30 09:04:29,463 DEBUG scheduler Access denied for site demo
2022-06-30 09:05:29,804 DEBUG scheduler Access denied for site demo
2022-06-30 09:06:30,177 DEBUG scheduler Access denied for site demo
2022-06-30 09:07:31,103 DEBUG scheduler Access denied for site demo
2022-06-30 09:08:31,646 DEBUG scheduler Access denied for site demo
2022-06-30 09:09:32,659 DEBUG scheduler Access denied for site demo
2022-06-30 09:10:33,537 DEBUG scheduler Access denied for site demo
2022-06-30 09:11:33,969 DEBUG scheduler Access denied for site demo
2022-06-30 09:12:34,704 DEBUG scheduler Access denied for site demo
2022-06-30 09:13:35,966 DEBUG scheduler Access denied for site demo
2022-06-30 09:14:36,997 DEBUG scheduler Access denied for site demo
2022-06-30 09:15:37,448 DEBUG scheduler Access denied for site demo
2022-06-30 09:16:38,588 DEBUG scheduler Access denied for site demo
2022-06-30 09:17:39,424 DEBUG scheduler Access denied for site demo
2022-06-30 09:18:40,577 DEBUG scheduler Access denied for site demo
2022-06-30 09:19:41,755 DEBUG scheduler Access denied for site demo
2022-06-30 09:20:42,859 DEBUG scheduler Access denied for site demo
2022-06-30 09:21:43,317 DEBUG scheduler Access denied for site demo
2022-06-30 09:22:44,293 DEBUG scheduler Access denied for site demo
2022-06-30 09:23:45,398 DEBUG scheduler Access denied for site demo
2022-06-30 09:24:46,478 DEBUG scheduler Access denied for site demo
2022-06-30 09:25:47,432 DEBUG scheduler Access denied for site demo
2022-06-30 09:26:48,478 DEBUG scheduler Access denied for site demo
2022-06-30 09:27:49,652 DEBUG scheduler Access denied for site demo
2022-06-30 09:28:50,840 DEBUG scheduler Access denied for site demo
2022-06-30 09:29:51,589 DEBUG scheduler Access denied for site demo
2022-06-30 09:30:51,990 DEBUG scheduler Access denied for site demo
2022-06-30 09:31:52,586 DEBUG scheduler Access denied for site demo
2022-06-30 09:32:53,653 DEBUG scheduler Access denied for site demo
2022-06-30 09:33:54,632 DEBUG scheduler Access denied for site demo
2022-06-30 09:34:55,071 DEBUG scheduler Access denied for site demo
2022-06-30 09:35:55,477 DEBUG scheduler Access denied for site demo
2022-06-30 09:36:55,954 DEBUG scheduler Access denied for site demo
2022-06-30 09:37:56,732 DEBUG scheduler Access denied for site demo
2022-06-30 09:38:57,118 DEBUG scheduler Access denied for site demo
2022-06-30 09:39:57,819 DEBUG scheduler Access denied for site demo
2022-06-30 09:40:58,324 DEBUG scheduler Access denied for site demo
2022-06-30 09:41:58,821 DEBUG scheduler Access denied for site demo
2022-06-30 09:42:59,659 DEBUG scheduler Access denied for site demo
2022-06-30 09:44:00,778 DEBUG scheduler Access denied for site demo
2022-06-30 09:45:01,659 DEBUG scheduler Access denied for site demo
2022-06-30 09:46:02,089 DEBUG scheduler Access denied for site demo
2022-06-30 09:47:02,484 DEBUG scheduler Access denied for site demo
2022-06-30 09:48:03,639 DEBUG scheduler Access denied for site demo
2022-06-30 09:49:04,073 DEBUG scheduler Access denied for site demo
2022-06-30 09:50:04,279 DEBUG scheduler Access denied for site demo
2022-06-30 09:51:04,671 DEBUG scheduler Access denied for site demo
2022-06-30 09:52:05,784 DEBUG scheduler Access denied for site demo
2022-06-30 09:53:06,246 DEBUG scheduler Access denied for site demo
2022-06-30 09:54:06,862 DEBUG scheduler Access denied for site demo
2022-06-30 09:55:07,392 DEBUG scheduler Access denied for site demo
2022-06-30 09:56:07,715 DEBUG scheduler Access denied for site demo
2022-06-30 09:57:09,056 DEBUG scheduler Access denied for site demo
2022-06-30 09:58:09,467 DEBUG scheduler Access denied for site demo
2022-06-30 09:59:09,828 DEBUG scheduler Access denied for site demo
2022-06-30 10:00:10,620 DEBUG scheduler Access denied for site demo
2022-06-30 10:01:11,891 DEBUG scheduler Access denied for site demo
2022-06-30 10:02:12,892 DEBUG scheduler Access denied for site demo
2022-06-30 10:03:13,672 DEBUG scheduler Access denied for site demo
2022-06-30 10:04:14,227 DEBUG scheduler Access denied for site demo
2022-06-30 10:05:15,515 DEBUG scheduler Access denied for site demo
2022-06-30 10:06:15,911 DEBUG scheduler Access denied for site demo
2022-06-30 10:07:16,869 DEBUG scheduler Access denied for site demo
2022-06-30 10:08:17,497 DEBUG scheduler Access denied for site demo
2022-06-30 10:09:18,981 DEBUG scheduler Access denied for site demo
2022-06-30 10:10:19,916 DEBUG scheduler Access denied for site demo
2022-06-30 10:11:20,482 DEBUG scheduler Access denied for site demo
2022-06-30 10:12:20,725 DEBUG scheduler Access denied for site demo
2022-06-30 10:13:21,663 DEBUG scheduler Access denied for site demo
2022-06-30 10:14:22,538 DEBUG scheduler Access denied for site demo
2022-06-30 10:15:23,575 DEBUG scheduler Access denied for site demo
2022-06-30 10:16:24,649 DEBUG scheduler Access denied for site demo
2022-06-30 10:17:25,622 DEBUG scheduler Access denied for site demo
2022-06-30 10:18:26,711 DEBUG scheduler Access denied for site demo
2022-06-30 10:19:27,792 DEBUG scheduler Access denied for site demo
2022-06-30 10:20:28,398 DEBUG scheduler Access denied for site demo
2022-06-30 10:21:29,310 DEBUG scheduler Access denied for site demo
2022-06-30 10:22:29,616 DEBUG scheduler Access denied for site demo
2022-06-30 10:23:31,019 DEBUG scheduler Access denied for site demo
2022-06-30 10:24:31,824 DEBUG scheduler Access denied for site demo
2022-06-30 10:25:32,987 DEBUG scheduler Access denied for site demo
2022-06-30 10:26:33,378 DEBUG scheduler Access denied for site demo
2022-06-30 10:27:33,599 DEBUG scheduler Access denied for site demo
2022-06-30 10:28:34,424 DEBUG scheduler Access denied for site demo
2022-06-30 10:29:35,254 DEBUG scheduler Access denied for site demo
2022-06-30 10:30:35,955 DEBUG scheduler Access denied for site demo
2022-06-30 10:31:37,059 DEBUG scheduler Access denied for site demo
2022-06-30 10:32:37,420 DEBUG scheduler Access denied for site demo
2022-06-30 10:33:37,964 DEBUG scheduler Access denied for site demo
2022-06-30 10:34:38,925 DEBUG scheduler Access denied for site demo
2022-06-30 10:35:39,357 DEBUG scheduler Access denied for site demo
2022-06-30 10:36:40,414 DEBUG scheduler Access denied for site demo
2022-06-30 10:37:41,603 DEBUG scheduler Access denied for site demo
2022-06-30 10:38:42,244 DEBUG scheduler Access denied for site demo
2022-06-30 10:39:43,045 DEBUG scheduler Access denied for site demo
2022-06-30 10:40:43,980 DEBUG scheduler Access denied for site demo
2022-06-30 10:41:45,432 DEBUG scheduler Access denied for site demo
2022-06-30 10:42:46,781 DEBUG scheduler Access denied for site demo
2022-06-30 10:43:47,199 DEBUG scheduler Access denied for site demo
2022-06-30 10:44:47,966 DEBUG scheduler Access denied for site demo
2022-06-30 10:45:48,764 DEBUG scheduler Access denied for site demo
2022-06-30 10:46:50,122 DEBUG scheduler Access denied for site demo
2022-06-30 10:47:50,401 DEBUG scheduler Access denied for site demo
2022-06-30 10:48:50,833 DEBUG scheduler Access denied for site demo
2022-06-30 10:49:51,943 DEBUG scheduler Access denied for site demo
2022-06-30 10:50:52,944 DEBUG scheduler Access denied for site demo
2022-06-30 10:51:53,674 DEBUG scheduler Access denied for site demo
2022-06-30 10:52:54,593 DEBUG scheduler Access denied for site demo
2022-06-30 10:53:55,460 DEBUG scheduler Access denied for site demo
2022-06-30 10:54:56,100 DEBUG scheduler Access denied for site demo
2022-06-30 10:55:56,981 DEBUG scheduler Access denied for site demo
2022-06-30 10:56:57,625 DEBUG scheduler Access denied for site demo
2022-06-30 10:57:58,604 DEBUG scheduler Access denied for site demo
2022-06-30 10:58:59,184 DEBUG scheduler Access denied for site demo
2022-06-30 11:00:00,084 DEBUG scheduler Access denied for site demo
2022-06-30 11:01:01,916 DEBUG scheduler Access denied for site demo
2022-06-30 11:02:02,342 DEBUG scheduler Access denied for site demo
2022-06-30 11:03:03,590 DEBUG scheduler Access denied for site demo
2022-06-30 11:04:03,950 DEBUG scheduler Access denied for site demo
2022-06-30 11:05:04,925 DEBUG scheduler Access denied for site demo
2022-06-30 11:06:05,432 DEBUG scheduler Access denied for site demo
2022-06-30 11:07:06,625 DEBUG scheduler Access denied for site demo
2022-06-30 11:08:07,742 DEBUG scheduler Access denied for site demo
2022-06-30 11:09:08,425 DEBUG scheduler Access denied for site demo
2022-06-30 11:10:08,610 DEBUG scheduler Access denied for site demo
2022-06-30 11:11:08,933 DEBUG scheduler Access denied for site demo
2022-06-30 11:12:09,949 DEBUG scheduler Access denied for site demo
2022-06-30 11:13:10,427 DEBUG scheduler Access denied for site demo
2022-06-30 11:14:10,636 DEBUG scheduler Access denied for site demo
2022-06-30 11:15:11,428 DEBUG scheduler Access denied for site demo
2022-06-30 11:16:12,078 DEBUG scheduler Access denied for site demo
2022-06-30 11:17:12,959 DEBUG scheduler Access denied for site demo
2022-06-30 11:18:13,508 DEBUG scheduler Access denied for site demo
2022-06-30 11:19:13,959 DEBUG scheduler Access denied for site demo
2022-06-30 11:20:14,195 DEBUG scheduler Access denied for site demo
2022-06-30 11:21:15,700 DEBUG scheduler Access denied for site demo
2022-06-30 11:22:16,709 DEBUG scheduler Access denied for site demo
2022-06-30 11:23:17,520 DEBUG scheduler Access denied for site demo
2022-06-30 11:24:17,774 DEBUG scheduler Access denied for site demo
2022-06-30 11:25:18,233 DEBUG scheduler Access denied for site demo
2022-06-30 11:26:19,399 DEBUG scheduler Access denied for site demo
2022-06-30 11:27:20,106 DEBUG scheduler Access denied for site demo
2022-06-30 11:28:21,019 DEBUG scheduler Access denied for site demo
2022-06-30 11:29:22,196 DEBUG scheduler Access denied for site demo
2022-06-30 11:30:22,791 DEBUG scheduler Access denied for site demo
2022-06-30 11:31:24,011 DEBUG scheduler Access denied for site demo
2022-06-30 11:32:24,521 DEBUG scheduler Access denied for site demo
2022-06-30 11:33:25,078 DEBUG scheduler Access denied for site demo
2022-06-30 11:34:25,777 DEBUG scheduler Access denied for site demo
2022-06-30 11:35:26,796 DEBUG scheduler Access denied for site demo
2022-06-30 11:36:27,543 DEBUG scheduler Access denied for site demo
2022-06-30 11:37:28,555 DEBUG scheduler Access denied for site demo
2022-06-30 11:38:29,624 DEBUG scheduler Access denied for site demo
2022-06-30 11:39:30,433 DEBUG scheduler Access denied for site demo
2022-06-30 11:40:31,710 DEBUG scheduler Access denied for site demo
2022-06-30 11:41:32,736 DEBUG scheduler Access denied for site demo
2022-06-30 11:42:33,467 DEBUG scheduler Access denied for site demo
2022-06-30 11:43:34,272 DEBUG scheduler Access denied for site demo
2022-06-30 11:44:35,142 DEBUG scheduler Access denied for site demo
2022-06-30 11:45:35,536 DEBUG scheduler Access denied for site demo
2022-06-30 11:46:36,156 DEBUG scheduler Access denied for site demo
2022-06-30 11:47:37,011 DEBUG scheduler Access denied for site demo
2022-06-30 11:48:38,162 DEBUG scheduler Access denied for site demo
2022-06-30 11:49:39,320 DEBUG scheduler Access denied for site demo
2022-06-30 11:50:39,701 DEBUG scheduler Access denied for site demo
2022-06-30 11:51:39,881 DEBUG scheduler Access denied for site demo
2022-06-30 11:52:40,620 DEBUG scheduler Access denied for site demo
2022-06-30 11:53:41,345 DEBUG scheduler Access denied for site demo
2022-06-30 11:54:41,912 DEBUG scheduler Access denied for site demo
2022-06-30 11:55:42,432 DEBUG scheduler Access denied for site demo
2022-06-30 11:56:43,102 DEBUG scheduler Access denied for site demo
2022-06-30 11:57:44,140 DEBUG scheduler Access denied for site demo
2022-06-30 11:58:44,549 DEBUG scheduler Access denied for site demo
2022-06-30 11:59:44,950 DEBUG scheduler Access denied for site demo
2022-06-30 12:00:45,938 DEBUG scheduler Access denied for site demo
2022-06-30 12:01:46,686 DEBUG scheduler Access denied for site demo
2022-06-30 12:02:47,589 DEBUG scheduler Access denied for site demo
2022-06-30 12:03:48,732 DEBUG scheduler Access denied for site demo
2022-06-30 12:04:49,688 DEBUG scheduler Access denied for site demo
2022-06-30 12:05:50,526 DEBUG scheduler Access denied for site demo
2022-06-30 12:06:51,668 DEBUG scheduler Access denied for site demo
2022-06-30 12:07:52,087 DEBUG scheduler Access denied for site demo
2022-06-30 12:08:52,767 DEBUG scheduler Access denied for site demo
2022-06-30 12:09:53,957 DEBUG scheduler Access denied for site demo
2022-06-30 12:10:54,519 DEBUG scheduler Access denied for site demo
2022-06-30 12:11:55,400 DEBUG scheduler Access denied for site demo
2022-06-30 12:12:56,115 DEBUG scheduler Access denied for site demo
2022-06-30 12:13:57,324 DEBUG scheduler Access denied for site demo
2022-06-30 12:14:58,532 DEBUG scheduler Access denied for site demo
2022-06-30 12:15:59,588 DEBUG scheduler Access denied for site demo
2022-06-30 12:17:00,005 DEBUG scheduler Access denied for site demo
2022-06-30 12:18:00,516 DEBUG scheduler Access denied for site demo
2022-06-30 12:19:01,064 DEBUG scheduler Access denied for site demo
2022-06-30 12:20:01,595 DEBUG scheduler Access denied for site demo
2022-06-30 12:21:02,334 DEBUG scheduler Access denied for site demo
2022-06-30 12:22:03,097 DEBUG scheduler Access denied for site demo
2022-06-30 12:23:03,449 DEBUG scheduler Access denied for site demo
2022-06-30 12:24:04,262 DEBUG scheduler Access denied for site demo
2022-06-30 12:25:04,845 DEBUG scheduler Access denied for site demo
2022-06-30 12:26:05,087 DEBUG scheduler Access denied for site demo
2022-06-30 12:27:05,673 DEBUG scheduler Access denied for site demo
2022-06-30 12:28:06,561 DEBUG scheduler Access denied for site demo
2022-06-30 12:29:06,950 DEBUG scheduler Access denied for site demo
2022-06-30 12:30:08,078 DEBUG scheduler Access denied for site demo
2022-06-30 12:31:09,155 DEBUG scheduler Access denied for site demo
2022-06-30 12:32:09,759 DEBUG scheduler Access denied for site demo
2022-06-30 12:33:11,004 DEBUG scheduler Access denied for site demo
2022-06-30 12:34:11,364 DEBUG scheduler Access denied for site demo
2022-06-30 12:35:12,124 DEBUG scheduler Access denied for site demo
2022-06-30 12:36:12,875 DEBUG scheduler Access denied for site demo
2022-06-30 12:37:14,141 DEBUG scheduler Access denied for site demo
2022-06-30 12:38:14,817 DEBUG scheduler Access denied for site demo
2022-06-30 12:39:15,586 DEBUG scheduler Access denied for site demo
2022-06-30 12:40:16,684 DEBUG scheduler Access denied for site demo
2022-06-30 12:41:17,537 DEBUG scheduler Access denied for site demo
2022-06-30 12:42:18,468 DEBUG scheduler Access denied for site demo
2022-06-30 12:43:19,111 DEBUG scheduler Access denied for site demo
2022-06-30 12:44:19,734 DEBUG scheduler Access denied for site demo
2022-06-30 12:45:20,339 DEBUG scheduler Access denied for site demo
2022-06-30 12:46:21,392 DEBUG scheduler Access denied for site demo
2022-06-30 12:47:21,690 DEBUG scheduler Access denied for site demo
2022-06-30 12:48:22,147 DEBUG scheduler Access denied for site demo
2022-06-30 12:49:23,274 DEBUG scheduler Access denied for site demo
2022-06-30 12:50:24,014 DEBUG scheduler Access denied for site demo
2022-06-30 12:51:24,782 DEBUG scheduler Access denied for site demo
2022-06-30 12:52:25,787 DEBUG scheduler Access denied for site demo
2022-06-30 12:53:26,302 DEBUG scheduler Access denied for site demo
2022-06-30 12:54:27,246 DEBUG scheduler Access denied for site demo
2022-06-30 12:55:27,707 DEBUG scheduler Access denied for site demo
2022-06-30 12:56:27,956 DEBUG scheduler Access denied for site demo
2022-06-30 12:57:28,656 DEBUG scheduler Access denied for site demo
2022-06-30 12:58:29,112 DEBUG scheduler Access denied for site demo
2022-06-30 12:59:29,446 DEBUG scheduler Access denied for site demo
2022-06-30 13:00:30,405 DEBUG scheduler Access denied for site demo
2022-06-30 13:01:32,554 DEBUG scheduler Access denied for site demo
2022-06-30 13:02:33,642 DEBUG scheduler Access denied for site demo
2022-06-30 13:03:33,842 DEBUG scheduler Access denied for site demo
2022-06-30 13:04:34,372 DEBUG scheduler Access denied for site demo
2022-06-30 13:05:35,149 DEBUG scheduler Access denied for site demo
2022-06-30 13:06:35,487 DEBUG scheduler Access denied for site demo
2022-06-30 13:07:35,938 DEBUG scheduler Access denied for site demo
2022-06-30 13:08:36,329 DEBUG scheduler Access denied for site demo
2022-06-30 13:09:37,253 DEBUG scheduler Access denied for site demo
2022-06-30 13:10:38,099 DEBUG scheduler Access denied for site demo
2022-06-30 13:11:38,814 DEBUG scheduler Access denied for site demo
2022-06-30 13:12:39,181 DEBUG scheduler Access denied for site demo
2022-06-30 13:13:39,578 DEBUG scheduler Access denied for site demo
2022-06-30 13:14:39,832 DEBUG scheduler Access denied for site demo
2022-06-30 13:15:40,693 DEBUG scheduler Access denied for site demo
2022-06-30 13:16:41,186 DEBUG scheduler Access denied for site demo
2022-06-30 13:17:41,569 DEBUG scheduler Access denied for site demo
2022-06-30 13:18:42,089 DEBUG scheduler Access denied for site demo
2022-06-30 13:19:42,421 DEBUG scheduler Access denied for site demo
2022-06-30 13:20:42,800 DEBUG scheduler Access denied for site demo
2022-06-30 13:21:43,275 DEBUG scheduler Access denied for site demo
2022-06-30 13:22:43,867 DEBUG scheduler Access denied for site demo
2022-06-30 13:23:44,199 DEBUG scheduler Access denied for site demo
2022-06-30 13:24:44,823 DEBUG scheduler Access denied for site demo
2022-06-30 13:25:45,264 DEBUG scheduler Access denied for site demo
2022-06-30 13:26:45,698 DEBUG scheduler Access denied for site demo
2022-06-30 13:27:46,036 DEBUG scheduler Access denied for site demo
2022-06-30 13:28:46,427 DEBUG scheduler Access denied for site demo
2022-06-30 13:29:47,206 DEBUG scheduler Access denied for site demo
2022-06-30 13:30:48,124 DEBUG scheduler Access denied for site demo
2022-06-30 13:31:48,754 DEBUG scheduler Access denied for site demo
2022-06-30 13:32:49,172 DEBUG scheduler Access denied for site demo
2022-06-30 13:33:49,500 DEBUG scheduler Access denied for site demo
2022-06-30 13:34:50,435 DEBUG scheduler Access denied for site demo
2022-06-30 13:35:51,281 DEBUG scheduler Access denied for site demo
2022-06-30 13:36:52,157 DEBUG scheduler Access denied for site demo
2022-06-30 13:37:52,749 DEBUG scheduler Access denied for site demo
2022-06-30 13:38:53,554 DEBUG scheduler Access denied for site demo
