2022-06-29 14:09:43,100 DEBUG scheduler Access denied for site test
2022-06-29 14:10:43,824 DEBUG scheduler Access denied for site test
2022-06-29 14:11:44,125 DEBUG scheduler Access denied for site test
2022-06-29 14:12:44,784 DEBUG scheduler Access denied for site test
2022-06-29 14:13:45,097 DEBUG scheduler Access denied for site test
2022-06-29 14:14:45,432 DEBUG scheduler Access denied for site test
2022-06-29 14:15:45,882 DEBUG scheduler Access denied for site test
2022-06-29 14:16:46,696 DEBUG scheduler Access denied for site test
2022-06-29 14:17:47,319 DEBUG scheduler Access denied for site test
2022-06-29 14:18:47,917 DEBUG scheduler Access denied for site test
2022-06-29 14:19:48,333 DEBUG scheduler Access denied for site test
2022-06-29 14:20:48,944 DEBUG scheduler Access denied for site test
2022-06-29 14:21:49,637 DEBUG scheduler Access denied for site test
2022-06-29 14:22:49,860 DEBUG scheduler Access denied for site test
2022-06-29 14:23:50,261 DEBUG scheduler Access denied for site test
2022-06-29 14:24:50,820 DEBUG scheduler Access denied for site test
2022-06-29 14:25:51,283 DEBUG scheduler Access denied for site test
2022-06-29 14:26:51,590 DEBUG scheduler Access denied for site test
2022-06-29 14:27:51,893 DEBUG scheduler Access denied for site test
2022-06-29 14:28:52,410 DEBUG scheduler Access denied for site test
2022-06-29 14:29:52,835 DEBUG scheduler Access denied for site test
2022-06-29 14:30:53,413 DEBUG scheduler Access denied for site test
2022-06-29 14:31:53,710 DEBUG scheduler Access denied for site test
2022-06-29 14:32:54,199 DEBUG scheduler Access denied for site test
2022-06-29 14:33:54,634 DEBUG scheduler Access denied for site test
2022-06-29 14:34:54,929 DEBUG scheduler Access denied for site test
2022-06-29 14:35:55,361 DEBUG scheduler Access denied for site test
2022-06-29 14:36:56,329 DEBUG scheduler Access denied for site test
2022-06-29 14:37:56,619 DEBUG scheduler Access denied for site test
2022-06-29 14:38:57,023 DEBUG scheduler Access denied for site test
2022-06-29 14:39:57,383 DEBUG scheduler Access denied for site test
2022-06-29 14:40:57,844 DEBUG scheduler Access denied for site test
2022-06-29 14:41:58,086 DEBUG scheduler Access denied for site test
2022-06-29 14:42:58,618 DEBUG scheduler Access denied for site test
2022-06-29 14:43:58,858 DEBUG scheduler Access denied for site test
2022-06-29 14:45:00,307 DEBUG scheduler Access denied for site test
2022-06-29 14:46:01,003 DEBUG scheduler Access denied for site test
2022-06-29 14:47:01,638 DEBUG scheduler Access denied for site test
2022-06-29 14:48:02,542 DEBUG scheduler Access denied for site test
2022-06-29 14:49:02,899 DEBUG scheduler Access denied for site test
2022-06-29 14:50:03,321 DEBUG scheduler Access denied for site test
2022-06-29 14:51:03,826 DEBUG scheduler Access denied for site test
2022-06-29 14:52:04,411 DEBUG scheduler Access denied for site test
2022-06-29 14:53:05,036 DEBUG scheduler Access denied for site test
2022-06-29 14:54:05,394 DEBUG scheduler Access denied for site test
2022-06-29 14:55:05,843 DEBUG scheduler Access denied for site test
2022-06-29 14:56:06,718 DEBUG scheduler Access denied for site test
2022-06-29 14:57:07,281 DEBUG scheduler Access denied for site test
2022-06-29 14:58:07,551 DEBUG scheduler Access denied for site test
2022-06-29 14:59:07,903 DEBUG scheduler Access denied for site test
2022-06-29 15:00:09,310 DEBUG scheduler Access denied for site test
2022-06-29 15:01:09,741 DEBUG scheduler Access denied for site test
2022-06-29 15:02:09,974 DEBUG scheduler Access denied for site test
2022-06-29 15:03:10,490 DEBUG scheduler Access denied for site test
2022-06-29 15:04:11,098 DEBUG scheduler Access denied for site test
2022-06-29 15:05:11,642 DEBUG scheduler Access denied for site test
2022-06-29 15:06:12,016 DEBUG scheduler Access denied for site test
2022-06-29 15:07:12,368 DEBUG scheduler Access denied for site test
2022-06-29 15:08:12,956 DEBUG scheduler Access denied for site test
2022-06-29 15:09:13,417 DEBUG scheduler Access denied for site test
2022-06-29 15:10:14,293 DEBUG scheduler Access denied for site test
2022-06-29 15:11:14,627 DEBUG scheduler Access denied for site test
2022-06-29 15:12:15,162 DEBUG scheduler Access denied for site test
2022-06-29 15:13:15,983 DEBUG scheduler Access denied for site test
2022-06-29 15:14:16,585 DEBUG scheduler Access denied for site test
2022-06-29 15:15:17,004 DEBUG scheduler Access denied for site test
2022-06-29 15:16:17,697 DEBUG scheduler Access denied for site test
2022-06-29 15:17:18,164 DEBUG scheduler Access denied for site test
2022-06-29 15:18:18,613 DEBUG scheduler Access denied for site test
2022-06-29 15:19:19,045 DEBUG scheduler Access denied for site test
2022-06-29 15:20:20,131 DEBUG scheduler Access denied for site test
2022-06-29 15:21:20,625 DEBUG scheduler Access denied for site test
2022-06-29 15:22:20,952 DEBUG scheduler Access denied for site test
2022-06-29 15:23:21,429 DEBUG scheduler Access denied for site test
2022-06-29 15:24:22,143 DEBUG scheduler Access denied for site test
2022-06-29 15:25:22,737 DEBUG scheduler Access denied for site test
2022-06-29 15:26:23,042 DEBUG scheduler Access denied for site test
2022-06-29 15:27:23,636 DEBUG scheduler Access denied for site test
2022-06-29 15:28:24,313 DEBUG scheduler Access denied for site test
2022-06-29 15:29:24,786 DEBUG scheduler Access denied for site test
2022-06-29 15:30:25,382 DEBUG scheduler Access denied for site test
2022-06-29 15:31:28,574 DEBUG scheduler Access denied for site test
2022-06-29 15:32:29,180 DEBUG scheduler Access denied for site test
2022-06-29 15:33:29,490 DEBUG scheduler Access denied for site test
2022-06-29 15:34:29,800 DEBUG scheduler Access denied for site test
2022-06-29 15:35:30,070 DEBUG scheduler Access denied for site test
2022-06-29 15:36:30,605 DEBUG scheduler Access denied for site test
2022-06-29 15:37:30,915 DEBUG scheduler Access denied for site test
2022-06-29 15:38:31,383 DEBUG scheduler Access denied for site test
2022-06-29 15:39:31,636 DEBUG scheduler Access denied for site test
2022-06-29 15:40:32,252 DEBUG scheduler Access denied for site test
2022-06-29 15:41:32,598 DEBUG scheduler Access denied for site test
2022-06-29 15:42:33,000 DEBUG scheduler Access denied for site test
2022-06-29 15:43:33,579 DEBUG scheduler Access denied for site test
2022-06-29 15:44:34,395 DEBUG scheduler Access denied for site test
2022-06-29 15:45:34,953 DEBUG scheduler Access denied for site test
2022-06-29 15:46:35,511 DEBUG scheduler Access denied for site test
2022-06-29 15:47:35,866 DEBUG scheduler Access denied for site test
2022-06-29 15:48:36,578 DEBUG scheduler Access denied for site test
2022-06-29 15:49:36,932 DEBUG scheduler Access denied for site test
2022-06-29 15:50:37,337 DEBUG scheduler Access denied for site test
2022-06-29 15:51:37,803 DEBUG scheduler Access denied for site test
2022-06-29 15:52:38,297 DEBUG scheduler Access denied for site test
2022-06-29 15:53:38,882 DEBUG scheduler Access denied for site test
2022-06-29 15:54:39,597 DEBUG scheduler Access denied for site test
2022-06-29 15:55:39,969 DEBUG scheduler Access denied for site test
2022-06-29 15:56:40,843 DEBUG scheduler Access denied for site test
2022-06-29 15:57:41,441 DEBUG scheduler Access denied for site test
2022-06-29 15:58:41,767 DEBUG scheduler Access denied for site test
2022-06-29 15:59:42,255 DEBUG scheduler Access denied for site test
2022-06-29 16:00:43,570 DEBUG scheduler Access denied for site test
2022-06-29 16:01:43,918 DEBUG scheduler Access denied for site test
2022-06-29 16:02:44,282 DEBUG scheduler Access denied for site test
2022-06-29 16:03:44,598 DEBUG scheduler Access denied for site test
2022-06-29 16:04:45,162 DEBUG scheduler Access denied for site test
2022-06-29 16:05:45,930 DEBUG scheduler Access denied for site test
2022-06-29 16:06:46,234 DEBUG scheduler Access denied for site test
2022-06-29 16:07:46,987 DEBUG scheduler Access denied for site test
2022-06-29 16:08:47,748 DEBUG scheduler Access denied for site test
2022-06-29 16:09:48,099 DEBUG scheduler Access denied for site test
2022-06-29 16:10:48,431 DEBUG scheduler Access denied for site test
2022-06-29 16:11:48,723 DEBUG scheduler Access denied for site test
2022-06-29 16:12:49,150 DEBUG scheduler Access denied for site test
2022-06-29 16:13:49,500 DEBUG scheduler Access denied for site test
2022-06-29 16:14:49,834 DEBUG scheduler Access denied for site test
2022-06-29 16:15:50,450 DEBUG scheduler Access denied for site test
2022-06-29 16:16:50,956 DEBUG scheduler Access denied for site test
2022-06-29 16:17:51,576 DEBUG scheduler Access denied for site test
2022-06-29 16:18:52,140 DEBUG scheduler Access denied for site test
2022-06-29 16:19:52,422 DEBUG scheduler Access denied for site test
2022-06-29 16:20:52,864 DEBUG scheduler Access denied for site test
2022-06-29 16:21:53,331 DEBUG scheduler Access denied for site test
2022-06-29 16:22:53,807 DEBUG scheduler Access denied for site test
2022-06-29 16:23:54,273 DEBUG scheduler Access denied for site test
2022-06-29 16:24:54,706 DEBUG scheduler Access denied for site test
2022-06-29 16:25:55,028 DEBUG scheduler Access denied for site test
2022-06-29 16:26:55,342 DEBUG scheduler Access denied for site test
2022-06-29 16:27:55,660 DEBUG scheduler Access denied for site test
2022-06-29 16:28:56,697 DEBUG scheduler Access denied for site test
2022-06-29 16:29:57,334 DEBUG scheduler Access denied for site test
2022-06-29 16:30:57,724 DEBUG scheduler Access denied for site test
2022-06-29 16:31:58,265 DEBUG scheduler Access denied for site test
2022-06-29 16:32:59,048 DEBUG scheduler Access denied for site test
2022-06-29 16:33:59,758 DEBUG scheduler Access denied for site test
2022-06-29 16:35:00,108 DEBUG scheduler Access denied for site test
2022-06-29 16:36:00,714 DEBUG scheduler Access denied for site test
2022-06-29 16:37:01,826 DEBUG scheduler Access denied for site test
2022-06-29 16:38:02,354 DEBUG scheduler Access denied for site test
2022-06-29 16:39:03,051 DEBUG scheduler Access denied for site test
2022-06-29 16:40:03,895 DEBUG scheduler Access denied for site test
2022-06-29 16:41:04,302 DEBUG scheduler Access denied for site test
2022-06-29 16:42:04,638 DEBUG scheduler Access denied for site test
2022-06-29 16:43:04,958 DEBUG scheduler Access denied for site test
2022-06-29 16:44:05,547 DEBUG scheduler Access denied for site test
2022-06-29 16:45:05,972 DEBUG scheduler Access denied for site test
2022-06-29 16:46:06,334 DEBUG scheduler Access denied for site test
2022-06-29 16:47:06,599 DEBUG scheduler Access denied for site test
2022-06-29 16:48:07,185 DEBUG scheduler Access denied for site test
2022-06-29 16:49:07,465 DEBUG scheduler Access denied for site test
2022-06-29 16:50:08,334 DEBUG scheduler Access denied for site test
2022-06-29 16:51:08,636 DEBUG scheduler Access denied for site test
2022-06-29 16:52:09,397 DEBUG scheduler Access denied for site test
2022-06-29 16:53:09,671 DEBUG scheduler Access denied for site test
2022-06-29 16:54:09,957 DEBUG scheduler Access denied for site test
2022-06-29 16:55:10,417 DEBUG scheduler Access denied for site test
2022-06-29 16:56:11,124 DEBUG scheduler Access denied for site test
2022-06-29 16:57:11,640 DEBUG scheduler Access denied for site test
2022-06-29 16:58:11,936 DEBUG scheduler Access denied for site test
2022-06-29 16:59:12,510 DEBUG scheduler Access denied for site test
2022-06-29 17:00:13,902 DEBUG scheduler Access denied for site test
2022-06-29 17:01:14,461 DEBUG scheduler Access denied for site test
2022-06-29 17:02:14,769 DEBUG scheduler Access denied for site test
2022-06-29 17:03:15,325 DEBUG scheduler Access denied for site test
2022-06-29 17:04:15,967 DEBUG scheduler Access denied for site test
2022-06-29 17:05:16,614 DEBUG scheduler Access denied for site test
2022-06-29 17:06:16,922 DEBUG scheduler Access denied for site test
2022-06-29 17:07:17,239 DEBUG scheduler Access denied for site test
2022-06-29 17:08:17,817 DEBUG scheduler Access denied for site test
2022-06-29 17:09:18,369 DEBUG scheduler Access denied for site test
2022-06-29 17:10:18,656 DEBUG scheduler Access denied for site test
2022-06-29 17:11:18,995 DEBUG scheduler Access denied for site test
2022-06-29 17:12:19,726 DEBUG scheduler Access denied for site test
2022-06-29 17:13:20,268 DEBUG scheduler Access denied for site test
2022-06-29 17:14:20,615 DEBUG scheduler Access denied for site test
2022-06-29 17:15:21,031 DEBUG scheduler Access denied for site test
2022-06-29 17:16:21,631 DEBUG scheduler Access denied for site test
2022-06-29 17:17:21,887 DEBUG scheduler Access denied for site test
2022-06-29 17:18:22,498 DEBUG scheduler Access denied for site test
2022-06-29 17:19:22,704 DEBUG scheduler Access denied for site test
2022-06-29 17:20:23,098 DEBUG scheduler Access denied for site test
2022-06-29 17:21:23,364 DEBUG scheduler Access denied for site test
2022-06-29 17:22:23,674 DEBUG scheduler Access denied for site test
2022-06-29 17:23:24,267 DEBUG scheduler Access denied for site test
2022-06-29 17:24:24,841 DEBUG scheduler Access denied for site test
2022-06-29 17:25:25,207 DEBUG scheduler Access denied for site test
2022-06-29 17:26:25,526 DEBUG scheduler Access denied for site test
2022-06-29 17:27:25,792 DEBUG scheduler Access denied for site test
2022-06-29 17:28:26,148 DEBUG scheduler Access denied for site test
2022-06-29 17:29:26,592 DEBUG scheduler Access denied for site test
2022-06-29 17:30:26,891 DEBUG scheduler Access denied for site test
2022-06-29 17:31:27,469 DEBUG scheduler Access denied for site test
2022-06-29 17:32:28,003 DEBUG scheduler Access denied for site test
2022-06-29 17:33:28,297 DEBUG scheduler Access denied for site test
2022-06-29 17:34:28,742 DEBUG scheduler Access denied for site test
2022-06-29 17:35:29,375 DEBUG scheduler Access denied for site test
2022-06-29 17:36:29,806 DEBUG scheduler Access denied for site test
2022-06-29 17:37:30,101 DEBUG scheduler Access denied for site test
2022-06-29 17:38:30,787 DEBUG scheduler Access denied for site test
2022-06-29 17:39:31,286 DEBUG scheduler Access denied for site test
2022-06-29 17:40:31,833 DEBUG scheduler Access denied for site test
2022-06-29 17:41:32,576 DEBUG scheduler Access denied for site test
2022-06-29 17:42:33,027 DEBUG scheduler Access denied for site test
2022-06-29 17:43:33,435 DEBUG scheduler Access denied for site test
2022-06-29 17:44:34,368 DEBUG scheduler Access denied for site test
2022-06-29 17:45:35,018 DEBUG scheduler Access denied for site test
2022-06-29 17:46:35,555 DEBUG scheduler Access denied for site test
2022-06-29 17:47:35,862 DEBUG scheduler Access denied for site test
2022-06-29 17:48:36,957 DEBUG scheduler Access denied for site test
2022-06-29 17:49:37,601 DEBUG scheduler Access denied for site test
2022-06-29 17:50:37,957 DEBUG scheduler Access denied for site test
2022-06-29 17:51:38,379 DEBUG scheduler Access denied for site test
2022-06-29 17:52:38,913 DEBUG scheduler Access denied for site test
2022-06-29 17:53:39,225 DEBUG scheduler Access denied for site test
2022-06-29 17:54:40,035 DEBUG scheduler Access denied for site test
2022-06-29 17:55:40,740 DEBUG scheduler Access denied for site test
2022-06-29 17:56:41,793 DEBUG scheduler Access denied for site test
2022-06-29 17:57:42,305 DEBUG scheduler Access denied for site test
2022-06-29 17:58:42,723 DEBUG scheduler Access denied for site test
2022-06-29 17:59:43,157 DEBUG scheduler Access denied for site test
2022-06-29 18:00:44,786 DEBUG scheduler Access denied for site test
2022-06-29 18:01:45,318 DEBUG scheduler Access denied for site test
2022-06-29 18:02:45,838 DEBUG scheduler Access denied for site test
2022-06-29 18:03:46,690 DEBUG scheduler Access denied for site test
2022-06-29 18:04:47,955 DEBUG scheduler Access denied for site test
2022-06-29 18:05:48,662 DEBUG scheduler Access denied for site test
2022-06-29 18:06:48,906 DEBUG scheduler Access denied for site test
2022-06-29 18:07:49,373 DEBUG scheduler Access denied for site test
2022-06-29 18:08:50,367 DEBUG scheduler Access denied for site test
2022-06-29 18:09:50,953 DEBUG scheduler Access denied for site test
2022-06-29 18:10:51,334 DEBUG scheduler Access denied for site test
2022-06-29 18:11:51,671 DEBUG scheduler Access denied for site test
2022-06-29 18:12:52,059 DEBUG scheduler Access denied for site test
2022-06-29 18:13:52,890 DEBUG scheduler Access denied for site test
2022-06-29 18:14:53,529 DEBUG scheduler Access denied for site test
2022-06-29 18:15:54,651 DEBUG scheduler Access denied for site test
2022-06-29 18:16:55,141 DEBUG scheduler Access denied for site test
2022-06-29 18:17:55,740 DEBUG scheduler Access denied for site test
2022-06-29 18:18:56,089 DEBUG scheduler Access denied for site test
2022-06-29 18:19:56,692 DEBUG scheduler Access denied for site test
2022-06-29 18:20:57,486 DEBUG scheduler Access denied for site test
2022-06-29 18:21:58,004 DEBUG scheduler Access denied for site test
2022-06-29 18:22:58,396 DEBUG scheduler Access denied for site test
2022-06-29 18:23:58,911 DEBUG scheduler Access denied for site test
2022-06-29 18:24:59,928 DEBUG scheduler Access denied for site test
2022-06-29 18:26:00,497 DEBUG scheduler Access denied for site test
2022-06-29 18:27:00,869 DEBUG scheduler Access denied for site test
2022-06-29 18:28:02,596 DEBUG scheduler Access denied for site test
2022-06-29 18:29:02,930 DEBUG scheduler Access denied for site test
2022-06-29 18:30:03,428 DEBUG scheduler Access denied for site test
2022-06-29 18:31:03,765 DEBUG scheduler Access denied for site test
2022-06-29 18:32:04,540 DEBUG scheduler Access denied for site test
2022-06-29 18:33:05,015 DEBUG scheduler Access denied for site test
2022-06-29 18:34:05,465 DEBUG scheduler Access denied for site test
2022-06-29 18:35:06,022 DEBUG scheduler Access denied for site test
2022-06-29 18:36:06,541 DEBUG scheduler Access denied for site test
2022-06-29 18:37:07,162 DEBUG scheduler Access denied for site test
2022-06-29 18:38:07,564 DEBUG scheduler Access denied for site test
2022-06-29 18:39:08,437 DEBUG scheduler Access denied for site test
2022-06-29 18:40:09,611 DEBUG scheduler Access denied for site test
2022-06-29 18:41:10,182 DEBUG scheduler Access denied for site test
2022-06-29 18:42:10,602 DEBUG scheduler Access denied for site test
2022-06-29 18:43:10,841 DEBUG scheduler Access denied for site test
2022-06-29 18:44:11,518 DEBUG scheduler Access denied for site test
2022-06-29 18:45:12,536 DEBUG scheduler Access denied for site test
2022-06-29 18:46:13,118 DEBUG scheduler Access denied for site test
2022-06-29 18:47:13,623 DEBUG scheduler Access denied for site test
2022-06-29 18:48:14,489 DEBUG scheduler Access denied for site test
2022-06-29 18:49:15,037 DEBUG scheduler Access denied for site test
2022-06-29 18:50:15,548 DEBUG scheduler Access denied for site test
2022-06-29 18:51:15,926 DEBUG scheduler Access denied for site test
2022-06-29 18:52:16,729 DEBUG scheduler Access denied for site test
2022-06-29 18:53:17,435 DEBUG scheduler Access denied for site test
2022-06-29 18:54:17,750 DEBUG scheduler Access denied for site test
2022-06-29 18:55:18,500 DEBUG scheduler Access denied for site test
2022-06-29 18:56:19,671 DEBUG scheduler Access denied for site test
2022-06-29 18:57:20,110 DEBUG scheduler Access denied for site test
2022-06-29 18:58:20,655 DEBUG scheduler Access denied for site test
2022-06-29 18:59:21,573 DEBUG scheduler Access denied for site test
2022-06-29 19:00:22,740 DEBUG scheduler Access denied for site test
2022-06-29 19:01:23,435 DEBUG scheduler Access denied for site test
2022-06-29 19:02:24,638 DEBUG scheduler Access denied for site test
2022-06-29 19:03:25,308 DEBUG scheduler Access denied for site test
2022-06-29 19:04:26,592 DEBUG scheduler Access denied for site test
2022-06-29 19:05:27,419 DEBUG scheduler Access denied for site test
2022-06-29 19:06:27,975 DEBUG scheduler Access denied for site test
2022-06-29 19:07:28,591 DEBUG scheduler Access denied for site test
2022-06-29 19:08:29,557 DEBUG scheduler Access denied for site test
2022-06-29 19:09:30,187 DEBUG scheduler Access denied for site test
2022-06-29 19:10:30,792 DEBUG scheduler Access denied for site test
2022-06-29 19:11:31,487 DEBUG scheduler Access denied for site test
2022-06-29 19:12:32,374 DEBUG scheduler Access denied for site test
2022-06-29 19:13:32,713 DEBUG scheduler Access denied for site test
2022-06-29 19:14:33,003 DEBUG scheduler Access denied for site test
2022-06-29 19:15:33,460 DEBUG scheduler Access denied for site test
2022-06-29 19:16:33,864 DEBUG scheduler Access denied for site test
2022-06-29 19:17:34,597 DEBUG scheduler Access denied for site test
2022-06-29 19:18:35,137 DEBUG scheduler Access denied for site test
2022-06-29 19:19:35,488 DEBUG scheduler Access denied for site test
2022-06-29 19:20:36,100 DEBUG scheduler Access denied for site test
2022-06-29 19:21:36,459 DEBUG scheduler Access denied for site test
2022-06-29 19:22:36,837 DEBUG scheduler Access denied for site test
2022-06-29 19:23:37,510 DEBUG scheduler Access denied for site test
2022-06-29 19:24:38,381 DEBUG scheduler Access denied for site test
2022-06-29 19:25:38,691 DEBUG scheduler Access denied for site test
2022-06-29 19:26:39,084 DEBUG scheduler Access denied for site test
2022-06-29 19:27:39,395 DEBUG scheduler Access denied for site test
2022-06-29 19:28:40,132 DEBUG scheduler Access denied for site test
2022-06-29 19:29:40,648 DEBUG scheduler Access denied for site test
2022-06-29 19:30:41,105 DEBUG scheduler Access denied for site test
2022-06-29 19:31:41,774 DEBUG scheduler Access denied for site test
2022-06-29 19:32:42,197 DEBUG scheduler Access denied for site test
2022-06-29 19:33:42,706 DEBUG scheduler Access denied for site test
2022-06-29 19:34:43,002 DEBUG scheduler Access denied for site test
2022-06-29 19:35:43,546 DEBUG scheduler Access denied for site test
2022-06-29 19:36:43,976 DEBUG scheduler Access denied for site test
2022-06-29 19:37:44,342 DEBUG scheduler Access denied for site test
2022-06-29 19:38:44,898 DEBUG scheduler Access denied for site test
2022-06-29 19:39:45,642 DEBUG scheduler Access denied for site test
2022-06-29 19:40:46,657 DEBUG scheduler Access denied for site test
2022-06-29 19:41:46,976 DEBUG scheduler Access denied for site test
2022-06-29 19:42:48,031 DEBUG scheduler Access denied for site test
2022-06-29 19:43:48,357 DEBUG scheduler Access denied for site test
2022-06-29 19:44:48,976 DEBUG scheduler Access denied for site test
2022-06-29 19:45:49,334 DEBUG scheduler Access denied for site test
2022-06-29 19:46:49,881 DEBUG scheduler Access denied for site test
2022-06-29 19:47:50,362 DEBUG scheduler Access denied for site test
2022-06-29 19:48:51,028 DEBUG scheduler Access denied for site test
2022-06-29 19:49:51,612 DEBUG scheduler Access denied for site test
2022-06-29 19:50:51,888 DEBUG scheduler Access denied for site test
2022-06-29 19:51:52,730 DEBUG scheduler Access denied for site test
2022-06-29 19:52:53,330 DEBUG scheduler Access denied for site test
2022-06-29 19:53:53,694 DEBUG scheduler Access denied for site test
2022-06-29 19:54:53,976 DEBUG scheduler Access denied for site test
2022-06-29 19:55:54,627 DEBUG scheduler Access denied for site test
2022-06-29 19:56:55,476 DEBUG scheduler Access denied for site test
2022-06-29 19:57:55,933 DEBUG scheduler Access denied for site test
2022-06-29 19:58:56,324 DEBUG scheduler Access denied for site test
2022-06-29 19:59:56,764 DEBUG scheduler Access denied for site test
2022-06-29 20:00:57,993 DEBUG scheduler Access denied for site test
2022-06-29 20:01:58,564 DEBUG scheduler Access denied for site test
2022-06-29 20:02:58,907 DEBUG scheduler Access denied for site test
2022-06-29 20:03:59,323 DEBUG scheduler Access denied for site test
2022-06-29 20:04:59,823 DEBUG scheduler Access denied for site test
2022-06-29 20:06:00,457 DEBUG scheduler Access denied for site test
2022-06-29 20:07:01,223 DEBUG scheduler Access denied for site test
2022-06-29 20:08:02,056 DEBUG scheduler Access denied for site test
2022-06-29 20:09:02,588 DEBUG scheduler Access denied for site test
2022-06-29 20:10:03,182 DEBUG scheduler Access denied for site test
2022-06-29 20:11:03,469 DEBUG scheduler Access denied for site test
2022-06-29 20:12:04,206 DEBUG scheduler Access denied for site test
2022-06-29 20:13:04,609 DEBUG scheduler Access denied for site test
2022-06-29 20:14:04,924 DEBUG scheduler Access denied for site test
2022-06-29 20:15:05,386 DEBUG scheduler Access denied for site test
2022-06-29 20:16:05,839 DEBUG scheduler Access denied for site test
2022-06-29 20:17:06,234 DEBUG scheduler Access denied for site test
2022-06-29 20:18:06,891 DEBUG scheduler Access denied for site test
2022-06-29 20:19:07,411 DEBUG scheduler Access denied for site test
2022-06-29 20:20:08,109 DEBUG scheduler Access denied for site test
2022-06-29 20:21:08,522 DEBUG scheduler Access denied for site test
2022-06-29 20:22:08,943 DEBUG scheduler Access denied for site test
2022-06-29 20:23:09,272 DEBUG scheduler Access denied for site test
2022-06-29 20:24:09,834 DEBUG scheduler Access denied for site test
2022-06-29 20:25:10,619 DEBUG scheduler Access denied for site test
2022-06-29 20:26:10,892 DEBUG scheduler Access denied for site test
2022-06-29 20:27:11,316 DEBUG scheduler Access denied for site test
2022-06-29 20:28:11,964 DEBUG scheduler Access denied for site test
2022-06-29 20:29:12,327 DEBUG scheduler Access denied for site test
2022-06-29 20:30:12,684 DEBUG scheduler Access denied for site test
2022-06-29 20:31:13,213 DEBUG scheduler Access denied for site test
2022-06-29 20:32:13,790 DEBUG scheduler Access denied for site test
2022-06-29 20:33:14,085 DEBUG scheduler Access denied for site test
2022-06-29 20:34:14,590 DEBUG scheduler Access denied for site test
2022-06-29 20:35:15,021 DEBUG scheduler Access denied for site test
2022-06-29 20:36:15,690 DEBUG scheduler Access denied for site test
2022-06-29 20:37:15,997 DEBUG scheduler Access denied for site test
2022-06-29 20:38:16,361 DEBUG scheduler Access denied for site test
2022-06-29 20:39:16,799 DEBUG scheduler Access denied for site test
2022-06-29 20:40:17,483 DEBUG scheduler Access denied for site test
2022-06-29 20:41:18,465 DEBUG scheduler Access denied for site test
2022-06-29 20:42:18,800 DEBUG scheduler Access denied for site test
2022-06-29 20:43:19,375 DEBUG scheduler Access denied for site test
2022-06-29 20:44:20,092 DEBUG scheduler Access denied for site test
2022-06-29 20:45:20,858 DEBUG scheduler Access denied for site test
2022-06-29 20:46:21,352 DEBUG scheduler Access denied for site test
2022-06-29 20:47:21,891 DEBUG scheduler Access denied for site test
2022-06-29 20:48:22,763 DEBUG scheduler Access denied for site test
2022-06-29 20:49:23,325 DEBUG scheduler Access denied for site test
2022-06-29 20:50:23,578 DEBUG scheduler Access denied for site test
2022-06-29 20:51:24,099 DEBUG scheduler Access denied for site test
2022-06-29 20:52:25,409 DEBUG scheduler Access denied for site test
2022-06-29 20:53:25,745 DEBUG scheduler Access denied for site test
2022-06-29 20:54:26,294 DEBUG scheduler Access denied for site test
2022-06-29 20:55:26,687 DEBUG scheduler Access denied for site test
2022-06-29 20:56:27,374 DEBUG scheduler Access denied for site test
2022-06-29 20:57:27,890 DEBUG scheduler Access denied for site test
2022-06-29 20:58:28,486 DEBUG scheduler Access denied for site test
2022-06-29 20:59:28,789 DEBUG scheduler Access denied for site test
2022-06-29 21:00:30,033 DEBUG scheduler Access denied for site test
2022-06-29 21:01:30,584 DEBUG scheduler Access denied for site test
2022-06-29 21:02:30,906 DEBUG scheduler Access denied for site test
2022-06-29 21:03:31,582 DEBUG scheduler Access denied for site test
2022-06-29 21:04:32,058 DEBUG scheduler Access denied for site test
2022-06-29 21:05:32,705 DEBUG scheduler Access denied for site test
2022-06-29 21:06:33,196 DEBUG scheduler Access denied for site test
2022-06-29 21:07:33,650 DEBUG scheduler Access denied for site test
2022-06-29 21:08:34,147 DEBUG scheduler Access denied for site test
2022-06-29 21:09:34,543 DEBUG scheduler Access denied for site test
2022-06-29 21:10:34,859 DEBUG scheduler Access denied for site test
2022-06-29 21:11:35,380 DEBUG scheduler Access denied for site test
2022-06-29 21:12:36,184 DEBUG scheduler Access denied for site test
2022-06-29 21:13:36,665 DEBUG scheduler Access denied for site test
2022-06-29 21:14:37,069 DEBUG scheduler Access denied for site test
2022-06-29 21:15:37,578 DEBUG scheduler Access denied for site test
2022-06-29 21:16:37,991 DEBUG scheduler Access denied for site test
2022-06-29 21:17:38,334 DEBUG scheduler Access denied for site test
2022-06-29 21:18:38,652 DEBUG scheduler Access denied for site test
2022-06-29 21:19:38,966 DEBUG scheduler Access denied for site test
2022-06-29 21:20:39,593 DEBUG scheduler Access denied for site test
2022-06-29 21:21:39,974 DEBUG scheduler Access denied for site test
2022-06-29 21:22:40,370 DEBUG scheduler Access denied for site test
2022-06-29 21:23:40,926 DEBUG scheduler Access denied for site test
2022-06-29 21:24:41,993 DEBUG scheduler Access denied for site test
2022-06-29 21:25:42,342 DEBUG scheduler Access denied for site test
2022-06-29 21:26:42,883 DEBUG scheduler Access denied for site test
2022-06-29 21:27:43,502 DEBUG scheduler Access denied for site test
2022-06-29 21:28:44,013 DEBUG scheduler Access denied for site test
2022-06-29 21:29:44,589 DEBUG scheduler Access denied for site test
2022-06-29 21:30:45,170 DEBUG scheduler Access denied for site test
2022-06-29 21:31:45,525 DEBUG scheduler Access denied for site test
2022-06-29 21:32:46,129 DEBUG scheduler Access denied for site test
2022-06-29 21:33:46,445 DEBUG scheduler Access denied for site test
2022-06-29 21:34:46,787 DEBUG scheduler Access denied for site test
2022-06-29 21:35:47,338 DEBUG scheduler Access denied for site test
2022-06-29 21:36:48,108 DEBUG scheduler Access denied for site test
2022-06-29 21:37:48,698 DEBUG scheduler Access denied for site test
2022-06-29 21:38:48,967 DEBUG scheduler Access denied for site test
2022-06-29 21:39:49,477 DEBUG scheduler Access denied for site test
2022-06-29 21:40:50,270 DEBUG scheduler Access denied for site test
2022-06-29 21:41:50,545 DEBUG scheduler Access denied for site test
2022-06-29 21:42:50,941 DEBUG scheduler Access denied for site test
2022-06-29 21:43:51,278 DEBUG scheduler Access denied for site test
2022-06-29 21:44:51,990 DEBUG scheduler Access denied for site test
2022-06-29 21:45:52,440 DEBUG scheduler Access denied for site test
2022-06-29 21:46:52,780 DEBUG scheduler Access denied for site test
2022-06-29 21:47:53,327 DEBUG scheduler Access denied for site test
2022-06-29 21:48:53,856 DEBUG scheduler Access denied for site test
2022-06-29 21:49:54,527 DEBUG scheduler Access denied for site test
2022-06-29 21:50:54,864 DEBUG scheduler Access denied for site test
2022-06-29 21:51:55,383 DEBUG scheduler Access denied for site test
2022-06-29 21:52:56,102 DEBUG scheduler Access denied for site test
2022-06-29 21:53:56,537 DEBUG scheduler Access denied for site test
2022-06-29 21:54:56,910 DEBUG scheduler Access denied for site test
2022-06-29 21:55:57,451 DEBUG scheduler Access denied for site test
2022-06-29 21:56:57,990 DEBUG scheduler Access denied for site test
2022-06-29 21:57:58,575 DEBUG scheduler Access denied for site test
2022-06-29 21:58:58,961 DEBUG scheduler Access denied for site test
2022-06-29 21:59:59,384 DEBUG scheduler Access denied for site test
2022-06-29 22:00:59,962 DEBUG scheduler Access denied for site test
2022-06-29 22:02:00,518 DEBUG scheduler Access denied for site test
2022-06-29 22:03:00,855 DEBUG scheduler Access denied for site test
2022-06-29 22:04:01,548 DEBUG scheduler Access denied for site test
2022-06-29 22:05:01,916 DEBUG scheduler Access denied for site test
2022-06-29 22:06:02,523 DEBUG scheduler Access denied for site test
2022-06-29 22:07:03,188 DEBUG scheduler Access denied for site test
2022-06-29 22:08:04,264 DEBUG scheduler Access denied for site test
2022-06-29 22:09:04,649 DEBUG scheduler Access denied for site test
2022-06-29 22:10:04,967 DEBUG scheduler Access denied for site test
2022-06-29 22:11:05,283 DEBUG scheduler Access denied for site test
2022-06-29 22:12:05,653 DEBUG scheduler Access denied for site test
2022-06-29 22:13:05,961 DEBUG scheduler Access denied for site test
2022-06-29 22:14:06,383 DEBUG scheduler Access denied for site test
2022-06-29 22:15:06,994 DEBUG scheduler Access denied for site test
2022-06-29 22:16:07,450 DEBUG scheduler Access denied for site test
2022-06-29 22:17:07,808 DEBUG scheduler Access denied for site test
2022-06-29 22:18:08,058 DEBUG scheduler Access denied for site test
2022-06-29 22:19:08,617 DEBUG scheduler Access denied for site test
2022-06-29 22:20:09,187 DEBUG scheduler Access denied for site test
2022-06-29 22:21:09,508 DEBUG scheduler Access denied for site test
2022-06-29 22:22:10,277 DEBUG scheduler Access denied for site test
2022-06-29 22:23:10,623 DEBUG scheduler Access denied for site test
2022-06-29 22:24:11,011 DEBUG scheduler Access denied for site test
2022-06-29 22:25:11,412 DEBUG scheduler Access denied for site test
2022-06-29 22:26:11,727 DEBUG scheduler Access denied for site test
2022-06-29 22:27:12,538 DEBUG scheduler Access denied for site test
2022-06-29 22:28:13,020 DEBUG scheduler Access denied for site test
2022-06-29 22:29:13,352 DEBUG scheduler Access denied for site test
2022-06-29 22:30:13,921 DEBUG scheduler Access denied for site test
2022-06-29 22:31:14,203 DEBUG scheduler Access denied for site test
2022-06-29 22:32:14,770 DEBUG scheduler Access denied for site test
2022-06-29 22:33:15,380 DEBUG scheduler Access denied for site test
2022-06-29 22:34:15,737 DEBUG scheduler Access denied for site test
2022-06-29 22:35:16,263 DEBUG scheduler Access denied for site test
2022-06-29 22:36:16,690 DEBUG scheduler Access denied for site test
2022-06-29 22:37:16,986 DEBUG scheduler Access denied for site test
2022-06-29 22:38:17,554 DEBUG scheduler Access denied for site test
2022-06-29 22:39:17,882 DEBUG scheduler Access denied for site test
2022-06-29 22:40:18,594 DEBUG scheduler Access denied for site test
2022-06-29 22:41:19,306 DEBUG scheduler Access denied for site test
2022-06-29 22:42:19,673 DEBUG scheduler Access denied for site test
2022-06-29 22:43:19,973 DEBUG scheduler Access denied for site test
2022-06-29 22:44:20,509 DEBUG scheduler Access denied for site test
2022-06-29 22:45:20,802 DEBUG scheduler Access denied for site test
2022-06-29 22:46:21,399 DEBUG scheduler Access denied for site test
2022-06-29 22:47:21,617 DEBUG scheduler Access denied for site test
2022-06-29 22:48:22,080 DEBUG scheduler Access denied for site test
2022-06-29 22:49:22,704 DEBUG scheduler Access denied for site test
2022-06-29 22:50:23,200 DEBUG scheduler Access denied for site test
2022-06-29 22:51:23,646 DEBUG scheduler Access denied for site test
2022-06-29 22:52:24,372 DEBUG scheduler Access denied for site test
2022-06-29 22:53:24,754 DEBUG scheduler Access denied for site test
2022-06-29 22:54:25,024 DEBUG scheduler Access denied for site test
2022-06-29 22:55:25,635 DEBUG scheduler Access denied for site test
2022-06-29 22:56:26,288 DEBUG scheduler Access denied for site test
2022-06-29 22:57:26,645 DEBUG scheduler Access denied for site test
2022-06-29 22:58:27,263 DEBUG scheduler Access denied for site test
2022-06-29 22:59:27,639 DEBUG scheduler Access denied for site test
2022-06-29 23:00:29,104 DEBUG scheduler Access denied for site test
2022-06-29 23:01:29,589 DEBUG scheduler Access denied for site test
2022-06-29 23:02:29,899 DEBUG scheduler Access denied for site test
2022-06-29 23:03:30,401 DEBUG scheduler Access denied for site test
2022-06-29 23:04:31,195 DEBUG scheduler Access denied for site test
2022-06-29 23:05:31,596 DEBUG scheduler Access denied for site test
2022-06-29 23:06:31,924 DEBUG scheduler Access denied for site test
2022-06-29 23:07:32,313 DEBUG scheduler Access denied for site test
2022-06-29 23:08:32,770 DEBUG scheduler Access denied for site test
2022-06-29 23:09:33,049 DEBUG scheduler Access denied for site test
2022-06-29 23:10:33,442 DEBUG scheduler Access denied for site test
2022-06-29 23:11:34,112 DEBUG scheduler Access denied for site test
2022-06-29 23:12:34,708 DEBUG scheduler Access denied for site test
2022-06-29 23:13:35,015 DEBUG scheduler Access denied for site test
2022-06-29 23:14:35,658 DEBUG scheduler Access denied for site test
2022-06-29 23:15:36,295 DEBUG scheduler Access denied for site test
2022-06-29 23:16:36,912 DEBUG scheduler Access denied for site test
2022-06-29 23:17:37,515 DEBUG scheduler Access denied for site test
2022-06-29 23:18:37,811 DEBUG scheduler Access denied for site test
2022-06-29 23:19:38,632 DEBUG scheduler Access denied for site test
2022-06-29 23:20:39,645 DEBUG scheduler Access denied for site test
2022-06-29 23:21:39,897 DEBUG scheduler Access denied for site test
2022-06-29 23:22:40,511 DEBUG scheduler Access denied for site test
2022-06-29 23:23:40,972 DEBUG scheduler Access denied for site test
2022-06-29 23:24:41,484 DEBUG scheduler Access denied for site test
2022-06-29 23:25:41,935 DEBUG scheduler Access denied for site test
2022-06-29 23:26:42,828 DEBUG scheduler Access denied for site test
2022-06-29 23:27:43,233 DEBUG scheduler Access denied for site test
2022-06-29 23:28:44,761 DEBUG scheduler Access denied for site test
2022-06-29 23:29:45,149 DEBUG scheduler Access denied for site test
2022-06-29 23:30:45,895 DEBUG scheduler Access denied for site test
2022-06-29 23:31:46,373 DEBUG scheduler Access denied for site test
2022-06-29 23:32:46,947 DEBUG scheduler Access denied for site test
2022-06-29 23:33:47,517 DEBUG scheduler Access denied for site test
2022-06-29 23:34:47,911 DEBUG scheduler Access denied for site test
2022-06-29 23:35:48,520 DEBUG scheduler Access denied for site test
2022-06-29 23:36:49,050 DEBUG scheduler Access denied for site test
2022-06-29 23:37:49,548 DEBUG scheduler Access denied for site test
2022-06-29 23:38:49,973 DEBUG scheduler Access denied for site test
2022-06-29 23:39:50,526 DEBUG scheduler Access denied for site test
2022-06-29 23:40:51,572 DEBUG scheduler Access denied for site test
2022-06-29 23:41:51,968 DEBUG scheduler Access denied for site test
2022-06-29 23:42:52,421 DEBUG scheduler Access denied for site test
2022-06-29 23:43:52,831 DEBUG scheduler Access denied for site test
2022-06-29 23:44:53,696 DEBUG scheduler Access denied for site test
2022-06-29 23:45:54,248 DEBUG scheduler Access denied for site test
2022-06-29 23:46:54,827 DEBUG scheduler Access denied for site test
2022-06-29 23:47:55,530 DEBUG scheduler Access denied for site test
2022-06-29 23:48:56,188 DEBUG scheduler Access denied for site test
2022-06-29 23:49:56,963 DEBUG scheduler Access denied for site test
2022-06-29 23:50:57,445 DEBUG scheduler Access denied for site test
2022-06-29 23:51:57,982 DEBUG scheduler Access denied for site test
2022-06-29 23:52:59,048 DEBUG scheduler Access denied for site test
2022-06-29 23:53:59,588 DEBUG scheduler Access denied for site test
2022-06-29 23:55:00,084 DEBUG scheduler Access denied for site test
2022-06-29 23:56:00,540 DEBUG scheduler Access denied for site test
2022-06-29 23:57:01,067 DEBUG scheduler Access denied for site test
2022-06-29 23:58:02,059 DEBUG scheduler Access denied for site test
2022-06-29 23:59:02,513 DEBUG scheduler Access denied for site test
2022-06-30 00:00:03,862 DEBUG scheduler Access denied for site test
2022-06-30 00:01:04,436 DEBUG scheduler Access denied for site test
2022-06-30 00:02:04,710 DEBUG scheduler Access denied for site test
2022-06-30 00:03:05,421 DEBUG scheduler Access denied for site test
2022-06-30 00:04:06,296 DEBUG scheduler Access denied for site test
2022-06-30 00:05:07,388 DEBUG scheduler Access denied for site test
2022-06-30 00:06:08,087 DEBUG scheduler Access denied for site test
2022-06-30 00:07:08,876 DEBUG scheduler Access denied for site test
2022-06-30 00:08:09,926 DEBUG scheduler Access denied for site test
2022-06-30 00:09:10,546 DEBUG scheduler Access denied for site test
2022-06-30 00:10:11,125 DEBUG scheduler Access denied for site test
2022-06-30 00:11:11,598 DEBUG scheduler Access denied for site test
2022-06-30 00:12:12,542 DEBUG scheduler Access denied for site test
2022-06-30 00:13:13,064 DEBUG scheduler Access denied for site test
2022-06-30 00:14:13,744 DEBUG scheduler Access denied for site test
2022-06-30 00:15:14,267 DEBUG scheduler Access denied for site test
2022-06-30 00:16:15,366 DEBUG scheduler Access denied for site test
2022-06-30 00:17:15,763 DEBUG scheduler Access denied for site test
2022-06-30 00:18:16,202 DEBUG scheduler Access denied for site test
2022-06-30 00:19:16,725 DEBUG scheduler Access denied for site test
2022-06-30 00:20:17,809 DEBUG scheduler Access denied for site test
2022-06-30 00:21:18,358 DEBUG scheduler Access denied for site test
2022-06-30 00:22:18,908 DEBUG scheduler Access denied for site test
2022-06-30 00:23:19,559 DEBUG scheduler Access denied for site test
2022-06-30 00:24:20,229 DEBUG scheduler Access denied for site test
2022-06-30 00:25:20,866 DEBUG scheduler Access denied for site test
2022-06-30 00:26:21,250 DEBUG scheduler Access denied for site test
2022-06-30 00:27:21,583 DEBUG scheduler Access denied for site test
2022-06-30 00:28:22,262 DEBUG scheduler Access denied for site test
2022-06-30 00:29:22,745 DEBUG scheduler Access denied for site test
2022-06-30 00:30:23,469 DEBUG scheduler Access denied for site test
2022-06-30 00:31:23,898 DEBUG scheduler Access denied for site test
2022-06-30 00:32:24,521 DEBUG scheduler Access denied for site test
2022-06-30 00:33:25,279 DEBUG scheduler Access denied for site test
2022-06-30 00:34:26,071 DEBUG scheduler Access denied for site test
2022-06-30 00:35:27,020 DEBUG scheduler Access denied for site test
2022-06-30 00:36:28,537 DEBUG scheduler Access denied for site test
2022-06-30 00:37:29,237 DEBUG scheduler Access denied for site test
2022-06-30 00:38:29,704 DEBUG scheduler Access denied for site test
2022-06-30 00:39:30,296 DEBUG scheduler Access denied for site test
2022-06-30 00:40:31,385 DEBUG scheduler Access denied for site test
2022-06-30 00:41:32,017 DEBUG scheduler Access denied for site test
2022-06-30 00:42:33,056 DEBUG scheduler Access denied for site test
2022-06-30 00:43:34,157 DEBUG scheduler Access denied for site test
2022-06-30 00:44:35,690 DEBUG scheduler Access denied for site test
2022-06-30 00:45:36,140 DEBUG scheduler Access denied for site test
2022-06-30 00:46:36,767 DEBUG scheduler Access denied for site test
2022-06-30 00:47:38,010 DEBUG scheduler Access denied for site test
2022-06-30 00:48:39,109 DEBUG scheduler Access denied for site test
                                                                    2022-06-30 08:16:33,628 ERROR scheduler Exception in Enqueue Events for Site test
Traceback (most recent call last):
  File "env/lib/python3.8/site-packages/pymysql/connections.py", line 613, in connect
    sock = socket.create_connection(
  File "/opt/bitnami/python/lib/python3.8/socket.py", line 808, in create_connection
    raise err
  File "/opt/bitnami/python/lib/python3.8/socket.py", line 796, in create_connection
    sock.connect(sa)
ConnectionRefusedError: [Errno 111] Connection refused

During handling of the above exception, another exception occurred:

Traceback (most recent call last):
  File "apps/frappe/frappe/utils/scheduler.py", line 70, in enqueue_events_for_site
    if is_scheduler_inactive():
  File "apps/frappe/frappe/utils/scheduler.py", line 105, in is_scheduler_inactive
    if is_scheduler_disabled():
  File "apps/frappe/frappe/utils/scheduler.py", line 115, in is_scheduler_disabled
    return not frappe.utils.cint(frappe.db.get_single_value("System Settings", "enable_scheduler"))
  File "apps/frappe/frappe/database/database.py", line 671, in get_single_value
    val = self.sql(
  File "apps/frappe/frappe/database/database.py", line 148, in sql
    self.connect()
  File "apps/frappe/frappe/database/database.py", line 84, in connect
    self._conn = self.get_connection()
  File "apps/frappe/frappe/database/mariadb/database.py", line 76, in get_connection
    conn = pymysql.connect(
  File "env/lib/python3.8/site-packages/pymysql/connections.py", line 353, in __init__
    self.connect()
  File "env/lib/python3.8/site-packages/pymysql/connections.py", line 664, in connect
    raise exc
pymysql.err.OperationalError: (2003, "Can't connect to MySQL server on '127.0.0.1' ([Errno 111] Connection refused)")

2022-06-30 08:17:34,468 ERROR scheduler Exception in Enqueue Events for Site test
Traceback (most recent call last):
  File "env/lib/python3.8/site-packages/pymysql/connections.py", line 613, in connect
    sock = socket.create_connection(
  File "/opt/bitnami/python/lib/python3.8/socket.py", line 808, in create_connection
    raise err
  File "/opt/bitnami/python/lib/python3.8/socket.py", line 796, in create_connection
    sock.connect(sa)
ConnectionRefusedError: [Errno 111] Connection refused

During handling of the above exception, another exception occurred:

Traceback (most recent call last):
  File "apps/frappe/frappe/utils/scheduler.py", line 70, in enqueue_events_for_site
    if is_scheduler_inactive():
  File "apps/frappe/frappe/utils/scheduler.py", line 105, in is_scheduler_inactive
    if is_scheduler_disabled():
  File "apps/frappe/frappe/utils/scheduler.py", line 115, in is_scheduler_disabled
    return not frappe.utils.cint(frappe.db.get_single_value("System Settings", "enable_scheduler"))
  File "apps/frappe/frappe/database/database.py", line 671, in get_single_value
    val = self.sql(
  File "apps/frappe/frappe/database/database.py", line 148, in sql
    self.connect()
  File "apps/frappe/frappe/database/database.py", line 84, in connect
    self._conn = self.get_connection()
  File "apps/frappe/frappe/database/mariadb/database.py", line 76, in get_connection
    conn = pymysql.connect(
  File "env/lib/python3.8/site-packages/pymysql/connections.py", line 353, in __init__
    self.connect()
  File "env/lib/python3.8/site-packages/pymysql/connections.py", line 664, in connect
    raise exc
pymysql.err.OperationalError: (2003, "Can't connect to MySQL server on '127.0.0.1' ([Errno 111] Connection refused)")

2022-06-30 08:18:34,642 ERROR scheduler Exception in Enqueue Events for Site test
Traceback (most recent call last):
  File "env/lib/python3.8/site-packages/pymysql/connections.py", line 613, in connect
    sock = socket.create_connection(
  File "/opt/bitnami/python/lib/python3.8/socket.py", line 808, in create_connection
    raise err
  File "/opt/bitnami/python/lib/python3.8/socket.py", line 796, in create_connection
    sock.connect(sa)
ConnectionRefusedError: [Errno 111] Connection refused

During handling of the above exception, another exception occurred:

Traceback (most recent call last):
  File "apps/frappe/frappe/utils/scheduler.py", line 70, in enqueue_events_for_site
    if is_scheduler_inactive():
  File "apps/frappe/frappe/utils/scheduler.py", line 105, in is_scheduler_inactive
    if is_scheduler_disabled():
  File "apps/frappe/frappe/utils/scheduler.py", line 115, in is_scheduler_disabled
    return not frappe.utils.cint(frappe.db.get_single_value("System Settings", "enable_scheduler"))
  File "apps/frappe/frappe/database/database.py", line 671, in get_single_value
    val = self.sql(
  File "apps/frappe/frappe/database/database.py", line 148, in sql
    self.connect()
  File "apps/frappe/frappe/database/database.py", line 84, in connect
    self._conn = self.get_connection()
  File "apps/frappe/frappe/database/mariadb/database.py", line 76, in get_connection
    conn = pymysql.connect(
  File "env/lib/python3.8/site-packages/pymysql/connections.py", line 353, in __init__
    self.connect()
  File "env/lib/python3.8/site-packages/pymysql/connections.py", line 664, in connect
    raise exc
pymysql.err.OperationalError: (2003, "Can't connect to MySQL server on '127.0.0.1' ([Errno 111] Connection refused)")

2022-06-30 08:19:35,593 ERROR scheduler Exception in Enqueue Events for Site test
Traceback (most recent call last):
  File "env/lib/python3.8/site-packages/pymysql/connections.py", line 613, in connect
    sock = socket.create_connection(
  File "/opt/bitnami/python/lib/python3.8/socket.py", line 808, in create_connection
    raise err
  File "/opt/bitnami/python/lib/python3.8/socket.py", line 796, in create_connection
    sock.connect(sa)
ConnectionRefusedError: [Errno 111] Connection refused

During handling of the above exception, another exception occurred:

Traceback (most recent call last):
  File "apps/frappe/frappe/utils/scheduler.py", line 70, in enqueue_events_for_site
    if is_scheduler_inactive():
  File "apps/frappe/frappe/utils/scheduler.py", line 105, in is_scheduler_inactive
    if is_scheduler_disabled():
  File "apps/frappe/frappe/utils/scheduler.py", line 115, in is_scheduler_disabled
    return not frappe.utils.cint(frappe.db.get_single_value("System Settings", "enable_scheduler"))
  File "apps/frappe/frappe/database/database.py", line 671, in get_single_value
    val = self.sql(
  File "apps/frappe/frappe/database/database.py", line 148, in sql
    self.connect()
  File "apps/frappe/frappe/database/database.py", line 84, in connect
    self._conn = self.get_connection()
  File "apps/frappe/frappe/database/mariadb/database.py", line 76, in get_connection
    conn = pymysql.connect(
  File "env/lib/python3.8/site-packages/pymysql/connections.py", line 353, in __init__
    self.connect()
  File "env/lib/python3.8/site-packages/pymysql/connections.py", line 664, in connect
    raise exc
pymysql.err.OperationalError: (2003, "Can't connect to MySQL server on '127.0.0.1' ([Errno 111] Connection refused)")

2022-06-30 08:20:36,056 ERROR scheduler Exception in Enqueue Events for Site test
Traceback (most recent call last):
  File "env/lib/python3.8/site-packages/pymysql/connections.py", line 613, in connect
    sock = socket.create_connection(
  File "/opt/bitnami/python/lib/python3.8/socket.py", line 808, in create_connection
    raise err
  File "/opt/bitnami/python/lib/python3.8/socket.py", line 796, in create_connection
    sock.connect(sa)
ConnectionRefusedError: [Errno 111] Connection refused

During handling of the above exception, another exception occurred:

Traceback (most recent call last):
  File "apps/frappe/frappe/utils/scheduler.py", line 70, in enqueue_events_for_site
    if is_scheduler_inactive():
  File "apps/frappe/frappe/utils/scheduler.py", line 105, in is_scheduler_inactive
    if is_scheduler_disabled():
  File "apps/frappe/frappe/utils/scheduler.py", line 115, in is_scheduler_disabled
    return not frappe.utils.cint(frappe.db.get_single_value("System Settings", "enable_scheduler"))
  File "apps/frappe/frappe/database/database.py", line 671, in get_single_value
    val = self.sql(
  File "apps/frappe/frappe/database/database.py", line 148, in sql
    self.connect()
  File "apps/frappe/frappe/database/database.py", line 84, in connect
    self._conn = self.get_connection()
  File "apps/frappe/frappe/database/mariadb/database.py", line 76, in get_connection
    conn = pymysql.connect(
  File "env/lib/python3.8/site-packages/pymysql/connections.py", line 353, in __init__
    self.connect()
  File "env/lib/python3.8/site-packages/pymysql/connections.py", line 664, in connect
    raise exc
pymysql.err.OperationalError: (2003, "Can't connect to MySQL server on '127.0.0.1' ([Errno 111] Connection refused)")

2022-06-30 08:21:36,437 ERROR scheduler Exception in Enqueue Events for Site test
Traceback (most recent call last):
  File "env/lib/python3.8/site-packages/pymysql/connections.py", line 613, in connect
    sock = socket.create_connection(
  File "/opt/bitnami/python/lib/python3.8/socket.py", line 808, in create_connection
    raise err
  File "/opt/bitnami/python/lib/python3.8/socket.py", line 796, in create_connection
    sock.connect(sa)
ConnectionRefusedError: [Errno 111] Connection refused

During handling of the above exception, another exception occurred:

Traceback (most recent call last):
  File "apps/frappe/frappe/utils/scheduler.py", line 70, in enqueue_events_for_site
    if is_scheduler_inactive():
  File "apps/frappe/frappe/utils/scheduler.py", line 105, in is_scheduler_inactive
    if is_scheduler_disabled():
  File "apps/frappe/frappe/utils/scheduler.py", line 115, in is_scheduler_disabled
    return not frappe.utils.cint(frappe.db.get_single_value("System Settings", "enable_scheduler"))
  File "apps/frappe/frappe/database/database.py", line 671, in get_single_value
    val = self.sql(
  File "apps/frappe/frappe/database/database.py", line 148, in sql
    self.connect()
  File "apps/frappe/frappe/database/database.py", line 84, in connect
    self._conn = self.get_connection()
  File "apps/frappe/frappe/database/mariadb/database.py", line 76, in get_connection
    conn = pymysql.connect(
  File "env/lib/python3.8/site-packages/pymysql/connections.py", line 353, in __init__
    self.connect()
  File "env/lib/python3.8/site-packages/pymysql/connections.py", line 664, in connect
    raise exc
pymysql.err.OperationalError: (2003, "Can't connect to MySQL server on '127.0.0.1' ([Errno 111] Connection refused)")

2022-06-30 08:24:00,894 DEBUG scheduler Access denied for site test
2022-06-30 08:25:02,499 DEBUG scheduler Access denied for site test
2022-06-30 08:26:03,726 DEBUG scheduler Access denied for site test
2022-06-30 08:27:04,853 DEBUG scheduler Access denied for site test
2022-06-30 08:28:05,778 DEBUG scheduler Access denied for site test
2022-06-30 08:29:06,164 DEBUG scheduler Access denied for site test
2022-06-30 08:30:06,699 DEBUG scheduler Access denied for site test
2022-06-30 08:31:07,195 DEBUG scheduler Access denied for site test
2022-06-30 08:32:07,988 DEBUG scheduler Access denied for site test
2022-06-30 08:33:09,099 DEBUG scheduler Access denied for site test
2022-06-30 08:34:10,164 DEBUG scheduler Access denied for site test
2022-06-30 08:35:10,950 DEBUG scheduler Access denied for site test
2022-06-30 08:36:11,655 DEBUG scheduler Access denied for site test
2022-06-30 08:37:12,807 DEBUG scheduler Access denied for site test
2022-06-30 08:38:13,252 DEBUG scheduler Access denied for site test
2022-06-30 08:39:13,836 DEBUG scheduler Access denied for site test
2022-06-30 08:40:14,320 DEBUG scheduler Access denied for site test
2022-06-30 08:41:14,761 DEBUG scheduler Access denied for site test
2022-06-30 08:42:15,753 DEBUG scheduler Access denied for site test
2022-06-30 08:43:16,179 DEBUG scheduler Access denied for site test
2022-06-30 08:44:16,661 DEBUG scheduler Access denied for site test
2022-06-30 08:45:17,061 DEBUG scheduler Access denied for site test
2022-06-30 08:46:17,470 DEBUG scheduler Access denied for site test
2022-06-30 08:47:17,888 DEBUG scheduler Access denied for site test
2022-06-30 08:48:18,331 DEBUG scheduler Access denied for site test
2022-06-30 08:49:18,835 DEBUG scheduler Access denied for site test
2022-06-30 08:50:19,697 DEBUG scheduler Access denied for site test
2022-06-30 08:51:19,929 DEBUG scheduler Access denied for site test
2022-06-30 08:52:20,797 DEBUG scheduler Access denied for site test
2022-06-30 08:53:21,754 DEBUG scheduler Access denied for site test
2022-06-30 08:54:22,007 DEBUG scheduler Access denied for site test
2022-06-30 08:55:22,381 DEBUG scheduler Access denied for site test
2022-06-30 08:56:22,723 DEBUG scheduler Access denied for site test
2022-06-30 08:57:23,874 DEBUG scheduler Access denied for site test
2022-06-30 08:58:24,854 DEBUG scheduler Access denied for site test
2022-06-30 08:59:25,903 DEBUG scheduler Access denied for site test
2022-06-30 09:00:26,806 DEBUG scheduler Access denied for site test
2022-06-30 09:01:27,630 DEBUG scheduler Access denied for site test
2022-06-30 09:02:27,891 DEBUG scheduler Access denied for site test
2022-06-30 09:03:29,091 DEBUG scheduler Access denied for site test
2022-06-30 09:04:29,715 DEBUG scheduler Access denied for site test
2022-06-30 09:05:29,911 DEBUG scheduler Access denied for site test
2022-06-30 09:06:30,321 DEBUG scheduler Access denied for site test
2022-06-30 09:07:31,247 DEBUG scheduler Access denied for site test
2022-06-30 09:08:31,997 DEBUG scheduler Access denied for site test
2022-06-30 09:09:32,819 DEBUG scheduler Access denied for site test
2022-06-30 09:10:33,706 DEBUG scheduler Access denied for site test
2022-06-30 09:11:34,145 DEBUG scheduler Access denied for site test
2022-06-30 09:12:35,000 DEBUG scheduler Access denied for site test
2022-06-30 09:13:36,138 DEBUG scheduler Access denied for site test
2022-06-30 09:14:37,108 DEBUG scheduler Access denied for site test
2022-06-30 09:15:37,659 DEBUG scheduler Access denied for site test
2022-06-30 09:16:38,933 DEBUG scheduler Access denied for site test
2022-06-30 09:17:39,612 DEBUG scheduler Access denied for site test
2022-06-30 09:18:40,716 DEBUG scheduler Access denied for site test
2022-06-30 09:19:41,902 DEBUG scheduler Access denied for site test
2022-06-30 09:20:43,133 DEBUG scheduler Access denied for site test
2022-06-30 09:21:43,500 DEBUG scheduler Access denied for site test
2022-06-30 09:22:44,573 DEBUG scheduler Access denied for site test
2022-06-30 09:23:45,589 DEBUG scheduler Access denied for site test
2022-06-30 09:24:46,879 DEBUG scheduler Access denied for site test
2022-06-30 09:25:47,692 DEBUG scheduler Access denied for site test
2022-06-30 09:26:48,685 DEBUG scheduler Access denied for site test
2022-06-30 09:27:49,860 DEBUG scheduler Access denied for site test
2022-06-30 09:28:51,006 DEBUG scheduler Access denied for site test
2022-06-30 09:29:51,781 DEBUG scheduler Access denied for site test
2022-06-30 09:30:52,232 DEBUG scheduler Access denied for site test
2022-06-30 09:31:52,773 DEBUG scheduler Access denied for site test
2022-06-30 09:32:53,957 DEBUG scheduler Access denied for site test
2022-06-30 09:33:54,819 DEBUG scheduler Access denied for site test
2022-06-30 09:34:55,199 DEBUG scheduler Access denied for site test
2022-06-30 09:35:55,682 DEBUG scheduler Access denied for site test
2022-06-30 09:36:56,162 DEBUG scheduler Access denied for site test
2022-06-30 09:37:56,923 DEBUG scheduler Access denied for site test
2022-06-30 09:38:57,319 DEBUG scheduler Access denied for site test
2022-06-30 09:39:57,975 DEBUG scheduler Access denied for site test
2022-06-30 09:40:58,659 DEBUG scheduler Access denied for site test
2022-06-30 09:41:59,019 DEBUG scheduler Access denied for site test
2022-06-30 09:42:59,872 DEBUG scheduler Access denied for site test
2022-06-30 09:44:01,021 DEBUG scheduler Access denied for site test
2022-06-30 09:45:01,840 DEBUG scheduler Access denied for site test
2022-06-30 09:46:02,303 DEBUG scheduler Access denied for site test
2022-06-30 09:47:02,672 DEBUG scheduler Access denied for site test
2022-06-30 09:48:03,959 DEBUG scheduler Access denied for site test
2022-06-30 09:49:04,250 DEBUG scheduler Access denied for site test
2022-06-30 09:50:04,510 DEBUG scheduler Access denied for site test
2022-06-30 09:51:04,881 DEBUG scheduler Access denied for site test
2022-06-30 09:52:06,006 DEBUG scheduler Access denied for site test
2022-06-30 09:53:06,515 DEBUG scheduler Access denied for site test
2022-06-30 09:54:07,085 DEBUG scheduler Access denied for site test
2022-06-30 09:55:07,559 DEBUG scheduler Access denied for site test
2022-06-30 09:56:08,335 DEBUG scheduler Access denied for site test
2022-06-30 09:57:09,247 DEBUG scheduler Access denied for site test
2022-06-30 09:58:09,645 DEBUG scheduler Access denied for site test
2022-06-30 09:59:10,028 DEBUG scheduler Access denied for site test
2022-06-30 10:00:11,655 DEBUG scheduler Access denied for site test
2022-06-30 10:01:12,124 DEBUG scheduler Access denied for site test
2022-06-30 10:02:13,127 DEBUG scheduler Access denied for site test
2022-06-30 10:03:13,870 DEBUG scheduler Access denied for site test
2022-06-30 10:04:14,588 DEBUG scheduler Access denied for site test
2022-06-30 10:05:15,717 DEBUG scheduler Access denied for site test
2022-06-30 10:06:16,152 DEBUG scheduler Access denied for site test
2022-06-30 10:07:17,080 DEBUG scheduler Access denied for site test
2022-06-30 10:08:18,040 DEBUG scheduler Access denied for site test
2022-06-30 10:09:19,196 DEBUG scheduler Access denied for site test
2022-06-30 10:10:20,124 DEBUG scheduler Access denied for site test
2022-06-30 10:11:20,685 DEBUG scheduler Access denied for site test
2022-06-30 10:12:21,152 DEBUG scheduler Access denied for site test
2022-06-30 10:13:21,836 DEBUG scheduler Access denied for site test
2022-06-30 10:14:22,709 DEBUG scheduler Access denied for site test
2022-06-30 10:15:23,826 DEBUG scheduler Access denied for site test
2022-06-30 10:16:24,860 DEBUG scheduler Access denied for site test
2022-06-30 10:17:25,816 DEBUG scheduler Access denied for site test
2022-06-30 10:18:26,887 DEBUG scheduler Access denied for site test
2022-06-30 10:19:27,987 DEBUG scheduler Access denied for site test
2022-06-30 10:20:28,955 DEBUG scheduler Access denied for site test
2022-06-30 10:21:29,504 DEBUG scheduler Access denied for site test
2022-06-30 10:22:30,014 DEBUG scheduler Access denied for site test
2022-06-30 10:23:31,309 DEBUG scheduler Access denied for site test
2022-06-30 10:24:32,038 DEBUG scheduler Access denied for site test
2022-06-30 10:25:33,153 DEBUG scheduler Access denied for site test
2022-06-30 10:26:33,538 DEBUG scheduler Access denied for site test
2022-06-30 10:27:33,787 DEBUG scheduler Access denied for site test
2022-06-30 10:28:34,687 DEBUG scheduler Access denied for site test
2022-06-30 10:29:35,567 DEBUG scheduler Access denied for site test
2022-06-30 10:30:36,164 DEBUG scheduler Access denied for site test
2022-06-30 10:31:37,196 DEBUG scheduler Access denied for site test
2022-06-30 10:32:37,742 DEBUG scheduler Access denied for site test
2022-06-30 10:33:38,153 DEBUG scheduler Access denied for site test
2022-06-30 10:34:39,054 DEBUG scheduler Access denied for site test
2022-06-30 10:35:39,578 DEBUG scheduler Access denied for site test
2022-06-30 10:36:40,805 DEBUG scheduler Access denied for site test
2022-06-30 10:37:41,997 DEBUG scheduler Access denied for site test
2022-06-30 10:38:42,376 DEBUG scheduler Access denied for site test
2022-06-30 10:39:43,204 DEBUG scheduler Access denied for site test
2022-06-30 10:40:44,443 DEBUG scheduler Access denied for site test
2022-06-30 10:41:45,704 DEBUG scheduler Access denied for site test
2022-06-30 10:42:47,043 DEBUG scheduler Access denied for site test
2022-06-30 10:43:47,388 DEBUG scheduler Access denied for site test
2022-06-30 10:44:48,455 DEBUG scheduler Access denied for site test
2022-06-30 10:45:49,253 DEBUG scheduler Access denied for site test
2022-06-30 10:46:50,246 DEBUG scheduler Access denied for site test
2022-06-30 10:47:50,585 DEBUG scheduler Access denied for site test
2022-06-30 10:48:51,166 DEBUG scheduler Access denied for site test
2022-06-30 10:49:52,115 DEBUG scheduler Access denied for site test
2022-06-30 10:50:53,130 DEBUG scheduler Access denied for site test
2022-06-30 10:51:53,819 DEBUG scheduler Access denied for site test
2022-06-30 10:52:55,050 DEBUG scheduler Access denied for site test
2022-06-30 10:53:55,718 DEBUG scheduler Access denied for site test
2022-06-30 10:54:56,310 DEBUG scheduler Access denied for site test
2022-06-30 10:55:57,168 DEBUG scheduler Access denied for site test
2022-06-30 10:56:58,011 DEBUG scheduler Access denied for site test
2022-06-30 10:57:58,722 DEBUG scheduler Access denied for site test
2022-06-30 10:58:59,510 DEBUG scheduler Access denied for site test
2022-06-30 11:00:01,096 DEBUG scheduler Access denied for site test
2022-06-30 11:01:02,101 DEBUG scheduler Access denied for site test
2022-06-30 11:02:02,681 DEBUG scheduler Access denied for site test
2022-06-30 11:03:03,758 DEBUG scheduler Access denied for site test
2022-06-30 11:04:04,391 DEBUG scheduler Access denied for site test
2022-06-30 11:05:05,042 DEBUG scheduler Access denied for site test
2022-06-30 11:06:05,644 DEBUG scheduler Access denied for site test
2022-06-30 11:07:06,858 DEBUG scheduler Access denied for site test
2022-06-30 11:08:08,014 DEBUG scheduler Access denied for site test
2022-06-30 11:09:08,592 DEBUG scheduler Access denied for site test
2022-06-30 11:10:08,755 DEBUG scheduler Access denied for site test
2022-06-30 11:11:09,114 DEBUG scheduler Access denied for site test
2022-06-30 11:12:10,240 DEBUG scheduler Access denied for site test
2022-06-30 11:13:10,575 DEBUG scheduler Access denied for site test
2022-06-30 11:14:10,778 DEBUG scheduler Access denied for site test
2022-06-30 11:15:11,771 DEBUG scheduler Access denied for site test
2022-06-30 11:16:12,333 DEBUG scheduler Access denied for site test
2022-06-30 11:17:13,135 DEBUG scheduler Access denied for site test
2022-06-30 11:18:13,686 DEBUG scheduler Access denied for site test
2022-06-30 11:19:14,080 DEBUG scheduler Access denied for site test
2022-06-30 11:20:14,406 DEBUG scheduler Access denied for site test
2022-06-30 11:21:15,854 DEBUG scheduler Access denied for site test
2022-06-30 11:22:16,867 DEBUG scheduler Access denied for site test
2022-06-30 11:23:17,691 DEBUG scheduler Access denied for site test
2022-06-30 11:24:18,005 DEBUG scheduler Access denied for site test
2022-06-30 11:25:18,497 DEBUG scheduler Access denied for site test
2022-06-30 11:26:19,590 DEBUG scheduler Access denied for site test
2022-06-30 11:27:20,252 DEBUG scheduler Access denied for site test
2022-06-30 11:28:21,452 DEBUG scheduler Access denied for site test
2022-06-30 11:29:22,403 DEBUG scheduler Access denied for site test
2022-06-30 11:30:23,021 DEBUG scheduler Access denied for site test
2022-06-30 11:31:24,189 DEBUG scheduler Access denied for site test
2022-06-30 11:32:24,787 DEBUG scheduler Access denied for site test
2022-06-30 11:33:25,295 DEBUG scheduler Access denied for site test
2022-06-30 11:34:25,985 DEBUG scheduler Access denied for site test
2022-06-30 11:35:26,944 DEBUG scheduler Access denied for site test
2022-06-30 11:36:27,928 DEBUG scheduler Access denied for site test
2022-06-30 11:37:28,710 DEBUG scheduler Access denied for site test
2022-06-30 11:38:29,788 DEBUG scheduler Access denied for site test
2022-06-30 11:39:30,731 DEBUG scheduler Access denied for site test
2022-06-30 11:40:32,195 DEBUG scheduler Access denied for site test
2022-06-30 11:41:32,913 DEBUG scheduler Access denied for site test
2022-06-30 11:42:33,642 DEBUG scheduler Access denied for site test
2022-06-30 11:43:34,467 DEBUG scheduler Access denied for site test
2022-06-30 11:44:35,333 DEBUG scheduler Access denied for site test
2022-06-30 11:45:35,761 DEBUG scheduler Access denied for site test
2022-06-30 11:46:36,304 DEBUG scheduler Access denied for site test
2022-06-30 11:47:37,193 DEBUG scheduler Access denied for site test
2022-06-30 11:48:38,390 DEBUG scheduler Access denied for site test
2022-06-30 11:49:39,504 DEBUG scheduler Access denied for site test
2022-06-30 11:50:39,857 DEBUG scheduler Access denied for site test
2022-06-30 11:51:40,092 DEBUG scheduler Access denied for site test
2022-06-30 11:52:40,906 DEBUG scheduler Access denied for site test
2022-06-30 11:53:41,548 DEBUG scheduler Access denied for site test
2022-06-30 11:54:42,030 DEBUG scheduler Access denied for site test
2022-06-30 11:55:42,652 DEBUG scheduler Access denied for site test
2022-06-30 11:56:43,492 DEBUG scheduler Access denied for site test
2022-06-30 11:57:44,270 DEBUG scheduler Access denied for site test
2022-06-30 11:58:44,921 DEBUG scheduler Access denied for site test
2022-06-30 11:59:45,083 DEBUG scheduler Access denied for site test
2022-06-30 12:00:46,539 DEBUG scheduler Access denied for site test
2022-06-30 12:01:46,885 DEBUG scheduler Access denied for site test
2022-06-30 12:02:47,774 DEBUG scheduler Access denied for site test
2022-06-30 12:03:48,890 DEBUG scheduler Access denied for site test
2022-06-30 12:04:49,956 DEBUG scheduler Access denied for site test
2022-06-30 12:05:50,709 DEBUG scheduler Access denied for site test
2022-06-30 12:06:51,861 DEBUG scheduler Access denied for site test
2022-06-30 12:07:52,241 DEBUG scheduler Access denied for site test
2022-06-30 12:08:53,048 DEBUG scheduler Access denied for site test
2022-06-30 12:09:54,177 DEBUG scheduler Access denied for site test
2022-06-30 12:10:54,734 DEBUG scheduler Access denied for site test
2022-06-30 12:11:55,587 DEBUG scheduler Access denied for site test
2022-06-30 12:12:56,487 DEBUG scheduler Access denied for site test
2022-06-30 12:13:57,572 DEBUG scheduler Access denied for site test
2022-06-30 12:14:58,715 DEBUG scheduler Access denied for site test
2022-06-30 12:15:59,803 DEBUG scheduler Access denied for site test
2022-06-30 12:17:00,417 DEBUG scheduler Access denied for site test
2022-06-30 12:18:00,728 DEBUG scheduler Access denied for site test
2022-06-30 12:19:01,255 DEBUG scheduler Access denied for site test
2022-06-30 12:20:02,087 DEBUG scheduler Access denied for site test
2022-06-30 12:21:02,547 DEBUG scheduler Access denied for site test
2022-06-30 12:22:03,235 DEBUG scheduler Access denied for site test
2022-06-30 12:23:03,732 DEBUG scheduler Access denied for site test
2022-06-30 12:24:04,559 DEBUG scheduler Access denied for site test
2022-06-30 12:25:05,025 DEBUG scheduler Access denied for site test
2022-06-30 12:26:05,258 DEBUG scheduler Access denied for site test
2022-06-30 12:27:05,836 DEBUG scheduler Access denied for site test
